{
  "summary": {
    "status": "TIME_LIMIT",
    "status_code": "timelimit",
    "objective": 526.902419,
    "runtime": 10.115481,
    "best_bound": 524.340684,
    "mip_gap": 0.004886,
    "node_count": 54,
    "solution_count": 6,
    "uses_artificial": false,
    "artificial_task_count": 0
  },
  "report": {
    "mode": "route_slot_branch_price",
    "generated_routes": 177,
    "generated_columns": 8325,
    "priced_columns": 7300,
    "redcost_columns": 7300,
    "farkas_columns": 0,
    "redcost_calls": 209,
    "farkas_calls": 0,
    "pricing_calls": 209,
    "early_pricing_returns": 154,
    "dominated_labels": 50011,
    "artificial_penalty": 1000000.0,
    "warm_start": {
      "enabled": true,
      "submitted": true,
      "routes": 9,
      "covered_tasks": 20,
      "uncovered_tasks": []
    },
    "strict_pricing": true,
    "eps": 1e-06
  }
}
