{
  "summary": {
    "status": "TIME_LIMIT",
    "status_code": "timelimit",
    "objective": 536.504258,
    "runtime": 124.785612,
    "best_bound": null,
    "mip_gap": null,
    "node_count": 1,
    "solution_count": 2,
    "uses_artificial": false,
    "artificial_task_count": 0
  },
  "report": {
    "mode": "vehicle_schedule_branch_price",
    "generated_routes": 173,
    "generated_columns": 1431,
    "priced_columns": 1409,
    "redcost_columns": 1409,
    "farkas_columns": 0,
    "redcost_calls": 102,
    "farkas_calls": 0,
    "pricing_calls": 102,
    "early_pricing_returns": 62,
    "pricing_batch_cap_hits": 62,
    "max_columns_per_pricing": 20,
    "pool_size": 200,
    "max_pool_size": 200,
    "pool_score_margin": 50.0,
    "pool_scans": 87,
    "pool_hits": 28,
    "pool_columns_added": 94,
    "pool_evictions": 1233,
    "pool_rejected_full": 611493,
    "pool_replaced_worst": 1233,
    "pool_skipped_by_margin": 293611,
    "stabilized_pricing": true,
    "stabilization_alpha": 0.5400000000000001,
    "stabilization_min_alpha": 0.2,
    "stabilization_max_alpha": 0.95,
    "stabilization_label_limit": 20000,
    "stabilization_volatility_threshold": 0.25,
    "last_dual_volatility": 0.11179344003489768,
    "stabilized_calls": 74,
    "stabilized_hits": 46,
    "stabilized_columns_added": 755,
    "stabilized_fallbacks": 28,
    "exact_fallback_calls": 28,
    "stabilized_label_pops": 904900,
    "exact_label_pops": 3994723,
    "alpha_increases": 85,
    "alpha_decreases": 76,
    "open_label_dominance": "covered_current_node_used_sorties_with_return_ready",
    "pricing_preprocess": {
      "single_task_feasible": 20,
      "single_task_infeasible": 0,
      "single_task_infeasible_reasons": {},
      "depot_to_task_feasible": 20,
      "task_to_depot_feasible": 20,
      "task_task_feasible_arcs": 366,
      "deleted_task_arc_reasons": {
        "task_arc_energy": 14
      }
    },
    "preprocess_skip_depot_start": 0,
    "preprocess_skip_task_arc": 0,
    "preprocess_skip_return_to_depot": 0,
    "dominated_labels": 1130030,
    "artificial_penalty": 1000000.0,
    "warm_start": {
      "enabled": true,
      "routes": 9,
      "schedules": 3,
      "covered_tasks": 20,
      "uncovered_tasks": [],
      "submitted": true
    },
    "strict_pricing": true,
    "eps": 1e-06
  }
}
