{
  "summary": {
    "status": "TIME_LIMIT",
    "status_code": "timelimit",
    "objective": 690.973326,
    "runtime": 90.02534,
    "best_bound": null,
    "mip_gap": null,
    "node_count": 1,
    "solution_count": 1,
    "uses_artificial": false,
    "artificial_task_count": 0
  },
  "report": {
    "mode": "vehicle_schedule_branch_price",
    "generated_routes": 154,
    "generated_columns": 1256,
    "priced_columns": 1234,
    "redcost_columns": 1234,
    "farkas_columns": 0,
    "redcost_calls": 79,
    "farkas_calls": 0,
    "pricing_calls": 79,
    "early_pricing_returns": 57,
    "pricing_batch_cap_hits": 57,
    "max_columns_per_pricing": 20,
    "pool_size": 200,
    "max_pool_size": 200,
    "pool_score_margin": 50.0,
    "pool_scans": 64,
    "pool_hits": 16,
    "pool_columns_added": 64,
    "pool_evictions": 958,
    "pool_rejected_full": 429723,
    "pool_replaced_worst": 958,
    "pool_skipped_by_margin": 237643,
    "stabilized_pricing": true,
    "stabilization_alpha": 0.23,
    "stabilization_min_alpha": 0.2,
    "stabilization_max_alpha": 0.95,
    "stabilization_label_limit": 5000,
    "stabilization_volatility_threshold": 0.25,
    "last_dual_volatility": 0.3447466748998512,
    "stabilized_calls": 63,
    "stabilized_hits": 37,
    "stabilized_columns_added": 650,
    "stabilized_fallbacks": 26,
    "exact_fallback_calls": 26,
    "stabilized_label_pops": 183700,
    "exact_label_pops": 3422113,
    "alpha_increases": 69,
    "alpha_decreases": 69,
    "open_label_dominance": "covered_current_node_used_sorties_with_return_ready",
    "dominated_labels": 861611,
    "artificial_penalty": 1000000.0,
    "warm_start": {
      "enabled": true,
      "routes": 9,
      "schedules": 3,
      "covered_tasks": 20,
      "uncovered_tasks": [],
      "submitted": true
    },
    "strict_pricing": true,
    "eps": 1e-06
  }
}
