{
  "summary": {
    "status": "TIME_LIMIT",
    "status_code": "timelimit",
    "objective": 508.027235,
    "runtime": 61.454056,
    "best_bound": null,
    "mip_gap": null,
    "node_count": 1,
    "solution_count": 1,
    "uses_artificial": false,
    "artificial_task_count": 0
  },
  "report": {
    "mode": "route_slot_branch_price",
    "generated_routes": 888,
    "generated_columns": 13860,
    "priced_columns": 13253,
    "redcost_columns": 13253,
    "farkas_columns": 0,
    "redcost_calls": 851,
    "farkas_calls": 0,
    "pricing_calls": 851,
    "early_pricing_returns": 851,
    "dominated_labels": 363210,
    "artificial_penalty": 1000000.0,
    "warm_start": {
      "enabled": true,
      "submitted": true,
      "routes": 7,
      "covered_tasks": 30,
      "uncovered_tasks": []
    },
    "strict_pricing": true,
    "eps": 1e-06
  }
}
