{
  "summary": {
    "status": "PRICING_TIME_BUDGET",
    "status_code": "userinterrupt",
    "objective": 743.688845,
    "runtime": 0.00122,
    "best_bound": null,
    "mip_gap": null,
    "node_count": 1,
    "solution_count": 1,
    "pricing_budget_interrupted": true,
    "pricing_budget_incomplete_phase": "redcost",
    "uses_artificial": false,
    "artificial_task_count": 0
  },
  "report": {
    "mode": "route_vehicle_branch_price_cut",
    "generated_routes": 24,
    "generated_columns": 64,
    "priced_columns": 0,
    "redcost_columns": 0,
    "farkas_columns": 0,
    "redcost_calls": 1,
    "farkas_calls": 0,
    "pricing_calls": 1,
    "early_pricing_returns": 0,
    "dominated_labels": 0,
    "schedule_cut_count": 0,
    "schedule_cut_constraint_count": 0,
    "tree_schedule_cuts": false,
    "tree_schedule_cut_handler": {
      "enabled": false
    },
    "raw_schedule_cut_count": 0,
    "pricing_time_budget": 1e-06,
    "pricing_progress_interval": 0,
    "pricing_budget_interrupts": 1,
    "pricing_incomplete_due_to_budget": true,
    "pricing_budget_incomplete_phase": "redcost",
    "pricing_phase_stats": {
      "redcost": {
        "calls": 1,
        "seconds": 2.1e-05,
        "label_pops": 0,
        "columns_found": 0,
        "columns_added": 0,
        "timeouts": 1,
        "exhausted": 0,
        "early_returns": 0
      }
    },
    "artificial_penalty": 1000000.0,
    "warm_start": {
      "schedule_feasible": {
        "enabled": true,
        "submitted": true,
        "vehicles_used": 3,
        "routes": 10,
        "selected": [
          [
            1,
            20,
            [
              1,
              3,
              2,
              4,
              6
            ]
          ],
          [
            1,
            15,
            [
              16
            ]
          ],
          [
            1,
            16,
            [
              17
            ]
          ],
          [
            1,
            19,
            [
              20
            ]
          ],
          [
            2,
            21,
            [
              8,
              5,
              7
            ]
          ],
          [
            2,
            14,
            [
              15
            ]
          ],
          [
            2,
            17,
            [
              18
            ]
          ],
          [
            3,
            22,
            [
              13,
              9,
              11
            ]
          ],
          [
            3,
            23,
            [
              10,
              14,
              12
            ]
          ],
          [
            3,
            18,
            [
              19
            ]
          ]
        ]
      },
      "legacy": {
        "enabled": false,
        "skipped": true
      }
    },
    "strict_pricing": false,
    "eps": 1e-06,
    "cut_rounds": 1,
    "schedule_cuts_added": 0,
    "outer_schedule_cuts_added": 0,
    "tree_schedule_cuts_added": 0,
    "final_schedule_cut_count": 0,
    "final_schedule_cut_constraint_count": 0,
    "cut_kinds": {
      "infeasible_route_set": 0,
      "pairwise_incompatible": 0
    },
    "schedule_feasible_solution": true,
    "last_schedule_conflicts": [],
    "schedule_cuts": []
  }
}
