{
  "summary": {
    "status": "OPTIMAL",
    "status_code": "optimal",
    "objective": 132.270984,
    "runtime": 0.00197,
    "best_bound": 132.270984,
    "mip_gap": 0.0,
    "node_count": 1,
    "solution_count": 1,
    "uses_artificial": false,
    "artificial_task_count": 0
  },
  "report": {
    "mode": "route_slot_branch_price",
    "generated_routes": 9,
    "generated_columns": 30,
    "priced_columns": 12,
    "redcost_columns": 12,
    "farkas_columns": 0,
    "redcost_calls": 5,
    "farkas_calls": 0,
    "pricing_calls": 5,
    "early_pricing_returns": 4,
    "dominated_labels": 0,
    "artificial_penalty": 1000000.0,
    "warm_start": {
      "enabled": true,
      "submitted": true,
      "routes": 2,
      "covered_tasks": 4,
      "uncovered_tasks": []
    },
    "strict_pricing": true,
    "eps": 1e-06
  }
}
