{
  "summary": {
    "status": "TIME_LIMIT",
    "status_code": "timelimit",
    "objective": 690.973326,
    "runtime": 88.206502,
    "best_bound": null,
    "mip_gap": null,
    "node_count": 1,
    "solution_count": 1,
    "uses_artificial": false,
    "artificial_task_count": 0
  },
  "report": {
    "mode": "vehicle_schedule_branch_price",
    "generated_routes": 158,
    "generated_columns": 1042,
    "priced_columns": 1020,
    "redcost_columns": 1020,
    "farkas_columns": 0,
    "redcost_calls": 51,
    "farkas_calls": 0,
    "pricing_calls": 51,
    "early_pricing_returns": 51,
    "pricing_batch_cap_hits": 51,
    "max_columns_per_pricing": 20,
    "dominated_labels": 734357,
    "artificial_penalty": 1000000.0,
    "warm_start": {
      "enabled": true,
      "routes": 9,
      "schedules": 3,
      "covered_tasks": 20,
      "uncovered_tasks": [],
      "submitted": true
    },
    "strict_pricing": true,
    "eps": 1e-06
  }
}
