{
  "summary": {
    "status": "CUT_ROUND_LIMIT",
    "status_code": "cutroundlimit",
    "objective": 526.902419,
    "runtime": 33.446037,
    "best_bound": 524.340684,
    "mip_gap": null,
    "node_count": 213,
    "solution_count": 29,
    "pricing_budget_interrupted": false,
    "pricing_budget_incomplete_phase": null,
    "uses_artificial": false,
    "artificial_task_count": 0
  },
  "report": {
    "mode": "route_vehicle_branch_price_cut",
    "generated_routes": 336,
    "generated_columns": 821,
    "priced_columns": 757,
    "redcost_columns": 757,
    "farkas_columns": 0,
    "redcost_calls": 558,
    "farkas_calls": 0,
    "pricing_calls": 558,
    "early_pricing_returns": 340,
    "dominated_labels": 0,
    "schedule_cut_count": 4,
    "schedule_cut_constraint_count": 12,
    "tree_schedule_cuts": false,
    "tree_schedule_cut_handler": {
      "enabled": false
    },
    "raw_schedule_cut_count": 4,
    "pricing_time_budget": 20.0,
    "pricing_progress_interval": 200000,
    "pricing_budget_interrupts": 0,
    "pricing_incomplete_due_to_budget": false,
    "pricing_budget_incomplete_phase": null,
    "pricing_phase_stats": {
      "redcost": {
        "calls": 558,
        "seconds": 30.282462,
        "label_pops": 1077211,
        "columns_found": 757,
        "columns_added": 757,
        "timeouts": 0,
        "exhausted": 218,
        "early_returns": 340
      }
    },
    "artificial_penalty": 1000000.0,
    "warm_start": {
      "schedule_feasible": {
        "enabled": true,
        "submitted": true,
        "vehicles_used": 3,
        "routes": 10,
        "selected": [
          [
            1,
            20,
            [
              1,
              3,
              2,
              4,
              6
            ]
          ],
          [
            1,
            15,
            [
              16
            ]
          ],
          [
            1,
            16,
            [
              17
            ]
          ],
          [
            1,
            19,
            [
              20
            ]
          ],
          [
            2,
            21,
            [
              8,
              5,
              7
            ]
          ],
          [
            2,
            14,
            [
              15
            ]
          ],
          [
            2,
            17,
            [
              18
            ]
          ],
          [
            3,
            22,
            [
              13,
              9,
              11
            ]
          ],
          [
            3,
            23,
            [
              10,
              14,
              12
            ]
          ],
          [
            3,
            18,
            [
              19
            ]
          ]
        ]
      },
      "legacy": {
        "enabled": false,
        "skipped": true
      }
    },
    "strict_pricing": true,
    "eps": 1e-06,
    "cut_rounds": 3,
    "schedule_cuts_added": 6,
    "outer_schedule_cuts_added": 6,
    "tree_schedule_cuts_added": 0,
    "final_schedule_cut_count": 6,
    "final_schedule_cut_constraint_count": 18,
    "cut_kinds": {
      "infeasible_route_set": 6,
      "pairwise_incompatible": 0
    },
    "schedule_feasible_solution": false,
    "last_schedule_conflicts": [
      {
        "vehicle": 2,
        "route_ids": [
          54,
          115
        ],
        "signatures": [
          [
            15,
            8,
            4,
            2
          ],
          [
            3,
            7,
            18,
            11
          ]
        ]
      },
      {
        "vehicle": 1,
        "route_ids": [
          59,
          110
        ],
        "signatures": [
          [
            9,
            1
          ],
          [
            14,
            16,
            12,
            5
          ]
        ]
      }
    ],
    "schedule_cuts": [
      {
        "scope": "all_vehicles",
        "source_vehicle": 1,
        "kind": "infeasible_route_set",
        "signatures": [
          [
            3,
            7,
            18,
            11
          ],
          [
            9,
            1
          ],
          [
            19,
            10,
            6
          ]
        ]
      },
      {
        "scope": "all_vehicles",
        "source_vehicle": 2,
        "kind": "infeasible_route_set",
        "signatures": [
          [
            14,
            16,
            12,
            5
          ],
          [
            15,
            8,
            4,
            2
          ]
        ]
      },
      {
        "scope": "all_vehicles",
        "source_vehicle": 1,
        "kind": "infeasible_route_set",
        "signatures": [
          [
            3,
            7,
            18,
            11
          ],
          [
            14,
            16,
            12,
            5
          ]
        ]
      },
      {
        "scope": "all_vehicles",
        "source_vehicle": 2,
        "kind": "infeasible_route_set",
        "signatures": [
          [
            15,
            8,
            4,
            2
          ],
          [
            19,
            10,
            6
          ]
        ]
      },
      {
        "scope": "all_vehicles",
        "source_vehicle": 2,
        "kind": "infeasible_route_set",
        "signatures": [
          [
            3,
            7,
            18,
            11
          ],
          [
            15,
            8,
            4,
            2
          ]
        ]
      },
      {
        "scope": "all_vehicles",
        "source_vehicle": 1,
        "kind": "infeasible_route_set",
        "signatures": [
          [
            9,
            1
          ],
          [
            14,
            16,
            12,
            5
          ]
        ]
      }
    ]
  }
}
