{
  "summary": {
    "status": "TIME_LIMIT",
    "status_code": "timelimit",
    "objective": 495.91827,
    "runtime": 61.080041,
    "best_bound": null,
    "mip_gap": null,
    "node_count": 1,
    "solution_count": 1,
    "uses_artificial": false,
    "artificial_task_count": 0
  },
  "report": {
    "mode": "route_vehicle_branch_price",
    "generated_routes": 528,
    "generated_columns": 1785,
    "priced_columns": 1658,
    "redcost_columns": 1658,
    "farkas_columns": 0,
    "redcost_calls": 499,
    "farkas_calls": 0,
    "pricing_calls": 499,
    "early_pricing_returns": 499,
    "dominated_labels": 523970,
    "artificial_penalty": 1000000.0,
    "warm_start": {
      "enabled": true,
      "submitted": true,
      "routes": 7,
      "covered_tasks": 30,
      "uncovered_tasks": []
    },
    "strict_pricing": true,
    "eps": 1e-06
  }
}
