{
  "summary": {
    "status": "OPTIMAL",
    "status_code": "optimal",
    "objective": 132.270984,
    "runtime": 0.007123,
    "best_bound": 132.270984,
    "mip_gap": 0.0,
    "node_count": 1,
    "solution_count": 1,
    "uses_artificial": false,
    "artificial_task_count": 0
  },
  "report": {
    "mode": "vehicle_schedule_branch_price",
    "generated_routes": 11,
    "generated_columns": 12,
    "priced_columns": 7,
    "redcost_columns": 7,
    "farkas_columns": 0,
    "redcost_calls": 4,
    "farkas_calls": 0,
    "pricing_calls": 4,
    "early_pricing_returns": 0,
    "pricing_batch_cap_hits": 0,
    "max_columns_per_pricing": 20,
    "pool_size": 9,
    "max_pool_size": 200,
    "pool_score_margin": 50.0,
    "pool_scans": 3,
    "pool_hits": 2,
    "pool_columns_added": 2,
    "pool_evictions": 0,
    "pool_rejected_full": 0,
    "pool_replaced_worst": 0,
    "pool_skipped_by_margin": 12,
    "stabilized_pricing": true,
    "stabilization_alpha": 0.5000000000000001,
    "stabilization_min_alpha": 0.2,
    "stabilization_max_alpha": 0.95,
    "stabilization_label_limit": 20000,
    "stabilization_volatility_threshold": 0.25,
    "last_dual_volatility": 0.9086291218756427,
    "stabilized_calls": 2,
    "stabilized_hits": 1,
    "stabilized_columns_added": 5,
    "stabilized_fallbacks": 1,
    "exact_fallback_calls": 1,
    "stabilized_label_pops": 161,
    "exact_label_pops": 82,
    "alpha_increases": 2,
    "alpha_decreases": 3,
    "open_label_dominance": "covered_current_node_used_sorties_with_return_ready",
    "pricing_preprocess": {
      "single_task_feasible": 4,
      "single_task_infeasible": 0,
      "single_task_infeasible_reasons": {},
      "depot_to_task_feasible": 4,
      "task_to_depot_feasible": 4,
      "task_task_feasible_arcs": 12,
      "deleted_task_arc_reasons": {}
    },
    "preprocess_skip_depot_start": 0,
    "preprocess_skip_task_arc": 0,
    "preprocess_skip_return_to_depot": 0,
    "dominated_labels": 162,
    "artificial_penalty": 1000000.0,
    "warm_start": {
      "enabled": true,
      "routes": 2,
      "schedules": 1,
      "covered_tasks": 4,
      "uncovered_tasks": [],
      "submitted": true
    },
    "strict_pricing": true,
    "eps": 1e-06
  }
}
