开始 clean BPC: instance=medium, tasks=20, vehicles=3, time_limit=30s, max_nodes=100000, log=/home/kai/work/gnn_bb/results/logs/bpc_clean_30s/medium.jsonl
[clean-BPC     0.01s] incumbent node 0: obj=743.688845
[clean-BPC     0.01s] start: {'time': 0.005883, 'event': 'start', 'instance': 'medium', 'tasks': 20, 'vehicles': 3, 'initial_routes': 30, 'initial_incumbent': 743.688845}
[clean-BPC     0.01s] node 0 d=0 lb=0.0 open=0
[clean-BPC     0.08s] node 0 cg=1 phase=phase1 obj=0.0 artificial=0.0 cols=30
[clean-BPC     0.08s] node 0 cg=2 phase=phase2 obj=672.433669 artificial=0.0 cols=30
[clean-BPC     0.49s] node 0 cg=2 phase=phase2 best_rc=-59.183979833 found=2386 added=200 exhausted=True
[clean-BPC     0.50s] node 0 cg=3 phase=phase2 obj=561.828825 artificial=0.0 cols=230
[clean-BPC     0.89s] node 0 cg=3 phase=phase2 best_rc=-51.607098042 found=963 added=200 exhausted=True
[clean-BPC     0.90s] node 0 cg=4 phase=phase2 obj=502.882402 artificial=0.0 cols=430
[clean-BPC     1.28s] node 0 cg=4 phase=phase2 best_rc=-19.217288167 found=42 added=42 exhausted=True
[clean-BPC     1.29s] node 0 cg=5 phase=phase2 obj=490.283693 artificial=0.0 cols=472
[clean-BPC     1.68s] node 0 cg=5 phase=phase2 best_rc=0.0 found=0 added=0 exhausted=True
[clean-BPC     1.68s] branch node 0: left=RF(1,3)=separate right=RF(1,3)=same
[clean-BPC     1.68s] node 1 d=1 lb=490.283693 open=1
[clean-BPC     1.69s] node 1 cg=1 phase=phase1 obj=0.0 artificial=0.0 cols=472
[clean-BPC     1.70s] node 1 cg=2 phase=phase2 obj=494.281908 artificial=0.0 cols=472
[clean-BPC     2.02s] node 1 cg=2 phase=phase2 best_rc=-3.9866005 found=36 added=36 exhausted=True
[clean-BPC     2.03s] node 1 cg=3 phase=phase2 obj=494.281908 artificial=0.0 cols=508
[clean-BPC     2.34s] node 1 cg=3 phase=phase2 best_rc=-1.114197583 found=2 added=2 exhausted=True
[clean-BPC     2.35s] node 1 cg=4 phase=phase2 obj=494.281908 artificial=0.0 cols=510
[clean-BPC     2.66s] node 1 cg=4 phase=phase2 best_rc=-2.100991583 found=8 added=8 exhausted=True
[clean-BPC     2.68s] node 1 cg=5 phase=phase2 obj=494.281908 artificial=0.0 cols=518
[clean-BPC     2.99s] node 1 cg=5 phase=phase2 best_rc=0.0 found=0 added=0 exhausted=True
[clean-BPC     2.99s] branch node 1: left=RF(3,9)=separate right=RF(3,9)=same
[clean-BPC     2.99s] node 2 d=1 lb=490.283693 open=2
[clean-BPC     2.99s] node 2 cg=1 phase=phase1 obj=0.0 artificial=0.0 cols=518
[clean-BPC     3.01s] node 2 cg=2 phase=phase2 obj=492.075694 artificial=0.0 cols=518
[clean-BPC     3.39s] node 2 cg=2 phase=phase2 best_rc=0.0 found=0 added=0 exhausted=True
[clean-BPC     3.39s] branch node 2: left=RF(7,18)=separate right=RF(7,18)=same
[clean-BPC     3.39s] node 5 d=2 lb=492.075694 open=3
[clean-BPC     3.40s] node 5 cg=1 phase=phase1 obj=0.0 artificial=0.0 cols=518
[clean-BPC     3.41s] node 5 cg=2 phase=phase2 obj=497.099461 artificial=0.0 cols=518
[clean-BPC     3.80s] node 5 cg=2 phase=phase2 best_rc=-0.0 found=0 added=0 exhausted=True
[clean-BPC     3.80s] branch node 5: left=RF(1,7)=separate right=RF(1,7)=same
[clean-BPC     3.80s] node 6 d=2 lb=492.075694 open=4
[clean-BPC     3.80s] node 6 cg=1 phase=phase1 obj=0.0 artificial=0.0 cols=518
[clean-BPC     3.81s] node 6 cg=2 phase=phase2 obj=499.607852 artificial=0.0 cols=518
[clean-BPC     4.20s] node 6 cg=2 phase=phase2 best_rc=-18.810635333 found=66 added=66 exhausted=True
[clean-BPC     4.21s] node 6 cg=3 phase=phase2 obj=496.902272 artificial=0.0 cols=584
[clean-BPC     4.59s] node 6 cg=3 phase=phase2 best_rc=0.0 found=0 added=0 exhausted=True
[clean-BPC     4.59s] branch node 6: left=vehicle(2)=off right=vehicle(2)=on
[clean-BPC     4.59s] node 3 d=2 lb=494.281908 open=5
[clean-BPC     4.60s] node 3 cg=1 phase=phase1 obj=0.0 artificial=0.0 cols=584
[clean-BPC     4.62s] node 3 cg=2 phase=phase2 obj=494.753808 artificial=0.0 cols=584
[clean-BPC     4.93s] node 3 cg=2 phase=phase2 best_rc=0.0 found=0 added=0 exhausted=True
[clean-BPC     4.93s] branch node 3: left=RF(1,9)=separate right=RF(1,9)=same
[clean-BPC     4.93s] node 4 d=2 lb=494.281908 open=6
[clean-BPC     4.94s] node 4 cg=1 phase=phase1 obj=0.0 artificial=0.0 cols=584
[clean-BPC     4.95s] node 4 cg=2 phase=phase2 obj=508.167694 artificial=0.0 cols=584
[clean-BPC     5.27s] node 4 cg=2 phase=phase2 best_rc=-7.662165333 found=16 added=16 exhausted=True
[clean-BPC     5.27s] node 4 cg=3 phase=phase2 obj=500.505529 artificial=0.0 cols=600
[clean-BPC     5.59s] node 4 cg=3 phase=phase2 best_rc=0.0 found=0 added=0 exhausted=True
[clean-BPC     5.59s] branch node 4: left=vehicle(2)=off right=vehicle(2)=on
[clean-BPC     5.59s] node 11 d=3 lb=494.753808 open=7
[clean-BPC     5.60s] node 11 cg=1 phase=phase1 obj=0.0 artificial=0.0 cols=600
[clean-BPC     5.61s] node 11 cg=2 phase=phase2 obj=500.038386 artificial=0.0 cols=600
[clean-BPC     5.92s] node 11 cg=2 phase=phase2 best_rc=-3.532549283 found=12 added=12 exhausted=True
[clean-BPC     5.94s] node 11 cg=3 phase=phase2 obj=498.618571 artificial=0.0 cols=612
[clean-BPC     6.25s] node 11 cg=3 phase=phase2 best_rc=-2.237358167 found=2 added=2 exhausted=True
[clean-BPC     6.26s] node 11 cg=4 phase=phase2 obj=498.618571 artificial=0.0 cols=614
[clean-BPC     6.57s] node 11 cg=4 phase=phase2 best_rc=-0.0 found=0 added=0 exhausted=True
[clean-BPC     6.57s] branch node 11: left=RF(3,7)=separate right=RF(3,7)=same
[clean-BPC     6.57s] node 12 d=3 lb=494.753808 open=8
[clean-BPC     6.58s] node 12 cg=1 phase=phase1 obj=0.0 artificial=0.0 cols=614
[clean-BPC     6.59s] node 12 cg=2 phase=phase2 obj=494.885971 artificial=0.0 cols=614
[clean-BPC     6.92s] node 12 cg=2 phase=phase2 best_rc=0.0 found=0 added=0 exhausted=True
[clean-BPC     6.92s] branch node 12: left=task_vehicle(6,1)=off right=task_vehicle(6,1)=on
[clean-BPC     6.92s] node 17 d=4 lb=494.885971 open=9
[clean-BPC     6.93s] node 17 cg=1 phase=phase1 obj=0.0 artificial=0.0 cols=614
[clean-BPC     6.94s] node 17 cg=2 phase=phase2 obj=494.885971 artificial=0.0 cols=614
[clean-BPC     7.22s] node 17 cg=2 phase=phase2 best_rc=0.0 found=0 added=0 exhausted=True
[clean-BPC     7.22s] branch node 17: left=task_vehicle(20,2)=off right=task_vehicle(20,2)=on
[clean-BPC     7.22s] node 18 d=4 lb=494.885971 open=10
[clean-BPC     7.23s] node 18 cg=1 phase=phase1 obj=0.0 artificial=0.0 cols=614
[clean-BPC     7.24s] node 18 cg=2 phase=phase2 obj=494.885971 artificial=0.0 cols=614
[clean-BPC     7.46s] node 18 cg=2 phase=phase2 best_rc=-1.83543625 found=8 added=8 exhausted=True
[clean-BPC     7.48s] node 18 cg=3 phase=phase2 obj=494.885971 artificial=0.0 cols=622
[clean-BPC     7.71s] node 18 cg=3 phase=phase2 best_rc=0.0 found=0 added=0 exhausted=True
[clean-BPC     7.71s] branch node 18: left=task_vehicle(2,2)=off right=task_vehicle(2,2)=on
[clean-BPC     7.71s] node 19 d=5 lb=494.885971 open=11
[clean-BPC     7.72s] node 19 cg=1 phase=phase1 obj=0.0 artificial=0.0 cols=622
[clean-BPC     7.74s] node 19 cg=2 phase=phase2 obj=494.885971 artificial=0.0 cols=622
[clean-BPC     8.02s] node 19 cg=2 phase=phase2 best_rc=0.0 found=0 added=0 exhausted=True
[clean-BPC     8.02s] branch node 19: left=task_vehicle(2,1)=off right=task_vehicle(2,1)=on
[clean-BPC     8.02s] node 23 d=6 lb=494.885971 open=12
[clean-BPC     8.03s] node 23 cg=1 phase=phase1 obj=0.0 artificial=0.0 cols=622
[clean-BPC     8.04s] node 23 cg=2 phase=phase2 obj=494.885971 artificial=0.0 cols=622
[clean-BPC     8.31s] node 23 cg=2 phase=phase2 best_rc=0.0 found=0 added=0 exhausted=True
[clean-BPC     8.31s] branch node 23: left=task_vehicle(6,2)=off right=task_vehicle(6,2)=on
[clean-BPC     8.31s] node 24 d=6 lb=494.885971 open=13
[clean-BPC     8.32s] node 24 cg=1 phase=phase1 obj=0.0 artificial=0.0 cols=622
[clean-BPC     8.33s] node 24 cg=2 phase=phase2 obj=494.885971 artificial=0.0 cols=622
[clean-BPC     8.53s] node 24 cg=2 phase=phase2 best_rc=0.0 found=0 added=0 exhausted=True
[clean-BPC     8.53s] branch node 24: left=task_vehicle(13,3)=off right=task_vehicle(13,3)=on
[clean-BPC     8.53s] node 25 d=7 lb=494.885971 open=14
[clean-BPC     8.54s] node 25 cg=1 phase=phase1 obj=0.0 artificial=0.0 cols=622
[clean-BPC     8.55s] node 25 cg=2 phase=phase2 obj=494.885971 artificial=0.0 cols=622
[clean-BPC     8.78s] node 25 cg=2 phase=phase2 best_rc=0.0 found=0 added=0 exhausted=True
[clean-BPC     8.78s] branch node 25: left=task_vehicle(5,1)=off right=task_vehicle(5,1)=on
[clean-BPC     8.78s] node 26 d=7 lb=494.885971 open=15
[clean-BPC     8.79s] node 26 cg=1 phase=phase1 obj=0.0 artificial=0.0 cols=622
[clean-BPC     8.80s] node 26 cg=2 phase=phase2 obj=494.885971 artificial=0.0 cols=622
[clean-BPC     9.02s] node 26 cg=2 phase=phase2 best_rc=0.0 found=0 added=0 exhausted=True
[clean-BPC     9.02s] branch node 26: left=task_vehicle(3,1)=off right=task_vehicle(3,1)=on
[clean-BPC     9.02s] node 29 d=8 lb=494.885971 open=16
[clean-BPC     9.03s] node 29 cg=1 phase=phase1 obj=0.0 artificial=0.0 cols=622
[clean-BPC     9.04s] node 29 cg=2 phase=phase2 obj=494.885971 artificial=0.0 cols=622
[clean-BPC     9.25s] node 29 cg=2 phase=phase2 best_rc=-0.0 found=0 added=0 exhausted=True
[clean-BPC     9.25s] branch node 29: left=task_vehicle(20,1)=off right=task_vehicle(20,1)=on
[clean-BPC     9.25s] node 30 d=8 lb=494.885971 open=17
[clean-BPC     9.26s] node 30 cg=1 phase=phase1 obj=0.0 artificial=0.0 cols=622
[clean-BPC     9.27s] node 30 cg=2 phase=phase2 obj=494.885971 artificial=0.0 cols=622
[clean-BPC     9.43s] node 30 cg=2 phase=phase2 best_rc=-0.0 found=0 added=0 exhausted=True
[clean-BPC     9.43s] branch node 30: left=task_vehicle(3,1)=off right=task_vehicle(3,1)=on
[clean-BPC     9.43s] node 31 d=8 lb=494.885971 open=18
[clean-BPC     9.44s] node 31 cg=1 phase=phase1 obj=0.0 artificial=0.0 cols=622
[clean-BPC     9.45s] node 31 cg=2 phase=phase2 obj=494.885971 artificial=0.0 cols=622
[clean-BPC     9.66s] node 31 cg=2 phase=phase2 best_rc=0.0 found=0 added=0 exhausted=True
[clean-BPC     9.66s] branch node 31: left=task_vehicle(5,3)=off right=task_vehicle(5,3)=on
[clean-BPC     9.66s] node 32 d=8 lb=494.885971 open=19
[clean-BPC     9.67s] node 32 cg=1 phase=phase1 obj=0.0 artificial=0.0 cols=622
[clean-BPC     9.68s] node 32 cg=2 phase=phase2 obj=494.885971 artificial=0.0 cols=622
[clean-BPC     9.84s] node 32 cg=2 phase=phase2 best_rc=0.0 found=0 added=0 exhausted=True
[clean-BPC     9.84s] branch node 32: left=task_vehicle(2,3)=off right=task_vehicle(2,3)=on
[clean-BPC     9.84s] node 34 d=9 lb=494.885971 open=20
[clean-BPC     9.85s] node 34 cg=1 phase=phase1 obj=0.0 artificial=0.0 cols=622
[clean-BPC     9.86s] node 34 cg=2 phase=phase2 obj=494.885971 artificial=0.0 cols=622
[clean-BPC    10.07s] node 34 cg=2 phase=phase2 best_rc=0.0 found=0 added=0 exhausted=True
[clean-BPC    10.07s] branch node 34: left=vehicle(2)=off right=vehicle(2)=on
[clean-BPC    10.07s] node 33 d=9 lb=494.885971 open=21
[clean-BPC    10.08s] node 33 cg=1 phase=phase1 obj=0.0 artificial=0.0 cols=622
[clean-BPC    10.09s] node 33 cg=2 phase=phase2 obj=494.885971 artificial=0.0 cols=622
[clean-BPC    10.30s] node 33 cg=2 phase=phase2 best_rc=0.0 found=0 added=0 exhausted=True
[clean-BPC    10.30s] branch node 33: left=vehicle(3)=off right=vehicle(3)=on
[clean-BPC    10.30s] node 22 d=5 lb=494.885971 open=22
[clean-BPC    10.31s] node 22 cg=1 phase=phase1 obj=0.0 artificial=0.0 cols=622
[clean-BPC    10.32s] node 22 cg=2 phase=phase2 obj=494.885971 artificial=0.0 cols=622
[clean-BPC    10.49s] node 22 cg=2 phase=phase2 best_rc=0.0 found=0 added=0 exhausted=True
[clean-BPC    10.49s] branch node 22: left=task_vehicle(3,1)=off right=task_vehicle(3,1)=on
[clean-BPC    10.49s] node 21 d=5 lb=494.885971 open=23
[clean-BPC    10.50s] node 21 cg=1 phase=phase1 obj=0.0 artificial=0.0 cols=622
[clean-BPC    10.51s] node 21 cg=2 phase=phase2 obj=494.885971 artificial=0.0 cols=622
[clean-BPC    10.73s] node 21 cg=2 phase=phase2 best_rc=0.0 found=0 added=0 exhausted=True
[clean-BPC    10.73s] branch node 21: left=task_vehicle(2,1)=off right=task_vehicle(2,1)=on
[clean-BPC    10.73s] node 47 d=6 lb=494.885971 open=24
[clean-BPC    10.75s] node 47 cg=1 phase=phase1 obj=0.0 artificial=0.0 cols=622
[clean-BPC    10.76s] node 47 cg=2 phase=phase2 obj=494.885971 artificial=0.0 cols=622
[clean-BPC    10.93s] node 47 cg=2 phase=phase2 best_rc=0.0 found=0 added=0 exhausted=True
[clean-BPC    10.93s] branch node 47: left=task_vehicle(3,1)=off right=task_vehicle(3,1)=on
[clean-BPC    10.93s] node 48 d=6 lb=494.885971 open=25
[clean-BPC    10.94s] node 48 cg=1 phase=phase1 obj=0.0 artificial=0.0 cols=622
[clean-BPC    10.95s] node 48 cg=2 phase=phase2 obj=494.885971 artificial=0.0 cols=622
[clean-BPC    11.14s] node 48 cg=2 phase=phase2 best_rc=0.0 found=0 added=0 exhausted=True
[clean-BPC    11.14s] branch node 48: left=task_vehicle(5,1)=off right=task_vehicle(5,1)=on
[clean-BPC    11.14s] node 46 d=6 lb=494.885971 open=26
[clean-BPC    11.15s] node 46 cg=1 phase=phase1 obj=0.0 artificial=0.0 cols=622
[clean-BPC    11.15s] node 46 cg=2 phase=phase2 obj=494.885971 artificial=0.0 cols=622
[clean-BPC    11.28s] node 46 cg=2 phase=phase2 best_rc=0.0 found=0 added=0 exhausted=True
[clean-BPC    11.28s] branch node 46: left=task_vehicle(5,1)=off right=task_vehicle(5,1)=on
[clean-BPC    11.28s] node 49 d=7 lb=494.885971 open=27
[clean-BPC    11.29s] node 49 cg=1 phase=phase1 obj=0.0 artificial=0.0 cols=622
[clean-BPC    11.30s] node 49 cg=2 phase=phase2 obj=494.885971 artificial=0.0 cols=622
[clean-BPC    11.45s] node 49 cg=2 phase=phase2 best_rc=0.0 found=0 added=0 exhausted=True
[clean-BPC    11.45s] branch node 49: left=task_vehicle(5,1)=off right=task_vehicle(5,1)=on
[clean-BPC    11.45s] node 50 d=7 lb=494.885971 open=28
[clean-BPC    11.46s] node 50 cg=1 phase=phase1 obj=0.0 artificial=0.0 cols=622
[clean-BPC    11.46s] node 50 cg=2 phase=phase2 obj=494.885971 artificial=0.0 cols=622
[clean-BPC    11.60s] node 50 cg=2 phase=phase2 best_rc=0.0 found=0 added=0 exhausted=True
[clean-BPC    11.60s] branch node 50: left=vehicle(2)=off right=vehicle(2)=on
[clean-BPC    11.60s] node 54 d=7 lb=494.885971 open=29
[clean-BPC    11.60s] node 54 cg=1 phase=phase1 obj=0.0 artificial=0.0 cols=622
[clean-BPC    11.61s] node 54 cg=2 phase=phase2 obj=494.885971 artificial=0.0 cols=622
[clean-BPC    11.72s] node 54 cg=2 phase=phase2 best_rc=0.0 found=0 added=0 exhausted=True
[clean-BPC    11.72s] branch node 54: left=vehicle(2)=off right=vehicle(2)=on
[clean-BPC    11.72s] node 59 d=8 lb=494.885971 open=30
[clean-BPC    11.73s] node 59 cg=1 phase=phase1 obj=4.733812 artificial=4.733812 cols=622
[clean-BPC    11.81s] node 59 cg=1 phase=phase1 best_rc=-0.086399113 found=10 added=10 exhausted=True
[clean-BPC    11.82s] node 59 cg=2 phase=phase1 obj=4.713223 artificial=4.713223 cols=632
[clean-BPC    11.90s] node 59 cg=2 phase=phase1 best_rc=0.0 found=0 added=0 exhausted=True
[clean-BPC    11.90s] fathom node 59: reason=phase1_infeasible bound=None
[clean-BPC    11.90s] node 60 d=8 lb=494.885971 open=29
[clean-BPC    11.91s] node 60 cg=1 phase=phase1 obj=0.0 artificial=0.0 cols=632
[clean-BPC    11.91s] node 60 cg=2 phase=phase2 obj=526.902419 artificial=0.0 cols=632
[clean-BPC    12.03s] node 60 cg=2 phase=phase2 best_rc=-0.813804 found=2 added=2 exhausted=True
[clean-BPC    12.04s] node 60 cg=3 phase=phase2 obj=526.902419 artificial=0.0 cols=634
[clean-BPC    12.15s] node 60 cg=3 phase=phase2 best_rc=0.0 found=0 added=0 exhausted=True
[clean-BPC    12.15s] cut_added: {'time': 12.148165, 'event': 'cut_added', 'node_id': 60, 'source_vehicle': 1, 'added': 3, 'signatures': [[16, 12, 14, 5], [3, 7, 18, 11]]}
[clean-BPC    12.15s] node 55 d=8 lb=494.885971 open=29
[clean-BPC    12.16s] node 55 cg=1 phase=phase1 obj=0.0 artificial=0.0 cols=634
[clean-BPC    12.17s] node 55 cg=2 phase=phase2 obj=494.885971 artificial=0.0 cols=634
[clean-BPC    12.31s] node 55 cg=2 phase=phase2 best_rc=0.0 found=0 added=0 exhausted=True
[clean-BPC    12.31s] branch node 55: left=task_vehicle(5,2)=off right=task_vehicle(5,2)=on
[clean-BPC    12.31s] node 56 d=8 lb=494.885971 open=30
[clean-BPC    12.31s] node 56 cg=1 phase=phase1 obj=0.0 artificial=0.0 cols=634
[clean-BPC    12.32s] node 56 cg=2 phase=phase2 obj=494.885971 artificial=0.0 cols=634
[clean-BPC    12.43s] node 56 cg=2 phase=phase2 best_rc=-0.463431583 found=6 added=6 exhausted=True
[clean-BPC    12.44s] node 56 cg=3 phase=phase2 obj=494.885971 artificial=0.0 cols=640
[clean-BPC    12.55s] node 56 cg=3 phase=phase2 best_rc=-0.0 found=0 added=0 exhausted=True
[clean-BPC    12.55s] branch node 56: left=task_vehicle(20,1)=off right=task_vehicle(20,1)=on
[clean-BPC    12.55s] node 63 d=9 lb=494.885971 open=31
[clean-BPC    12.56s] node 63 cg=1 phase=phase1 obj=0.0 artificial=0.0 cols=640
[clean-BPC    12.56s] node 63 cg=2 phase=phase2 obj=494.885971 artificial=0.0 cols=640
[clean-BPC    12.67s] node 63 cg=2 phase=phase2 best_rc=-0.0 found=0 added=0 exhausted=True
[clean-BPC    12.67s] branch node 63: left=task_vehicle(13,1)=off right=task_vehicle(13,1)=on
[clean-BPC    12.67s] node 64 d=9 lb=494.885971 open=32
[clean-BPC    12.68s] node 64 cg=1 phase=phase1 obj=0.0 artificial=0.0 cols=640
[clean-BPC    12.69s] node 64 cg=2 phase=phase2 obj=494.885971 artificial=0.0 cols=640
[clean-BPC    12.79s] node 64 cg=2 phase=phase2 best_rc=0.0 found=0 added=0 exhausted=True
[clean-BPC    12.79s] branch node 64: left=vehicle(2)=off right=vehicle(2)=on
[clean-BPC    12.79s] node 65 d=10 lb=494.885971 open=33
[clean-BPC    12.80s] node 65 cg=1 phase=phase1 obj=0.0 artificial=0.0 cols=640
[clean-BPC    12.81s] node 65 cg=2 phase=phase2 obj=494.885971 artificial=0.0 cols=640
[clean-BPC    12.92s] node 65 cg=2 phase=phase2 best_rc=-0.0 found=0 added=0 exhausted=True
[clean-BPC    12.92s] branch node 65: left=task_vehicle(3,2)=off right=task_vehicle(3,2)=on
[clean-BPC    12.92s] node 66 d=10 lb=494.885971 open=34
[clean-BPC    12.92s] node 66 cg=1 phase=phase1 obj=0.0 artificial=0.0 cols=640
[clean-BPC    12.93s] node 66 cg=2 phase=phase2 obj=494.885971 artificial=0.0 cols=640
[clean-BPC    13.03s] node 66 cg=2 phase=phase2 best_rc=0.0 found=0 added=0 exhausted=True
[clean-BPC    13.03s] branch node 66: left=vehicle(2)=off right=vehicle(2)=on
[clean-BPC    13.03s] node 58 d=8 lb=494.885971 open=35
[clean-BPC    13.04s] node 58 cg=1 phase=phase1 obj=0.0 artificial=0.0 cols=640
[clean-BPC    13.05s] node 58 cg=2 phase=phase2 obj=544.312942 artificial=0.0 cols=640
[clean-BPC    13.19s] node 58 cg=2 phase=phase2 best_rc=-1.142464 found=6 added=6 exhausted=True
[clean-BPC    13.19s] node 58 cg=3 phase=phase2 obj=544.312942 artificial=0.0 cols=646
[clean-BPC    13.33s] node 58 cg=3 phase=phase2 best_rc=-0.076007 found=2 added=2 exhausted=True
[clean-BPC    13.34s] node 58 cg=4 phase=phase2 obj=544.312942 artificial=0.0 cols=648
[clean-BPC    13.48s] node 58 cg=4 phase=phase2 best_rc=0.0 found=0 added=0 exhausted=True
[clean-BPC    13.48s] branch node 58: left=task_vehicle(4,1)=off right=task_vehicle(4,1)=on
[clean-BPC    13.48s] node 57 d=8 lb=494.885971 open=36
[clean-BPC    13.49s] node 57 cg=1 phase=phase1 obj=4.713223 artificial=4.713223 cols=648
[clean-BPC    13.61s] node 57 cg=1 phase=phase1 best_rc=0.0 found=0 added=0 exhausted=True
[clean-BPC    13.61s] fathom node 57: reason=phase1_infeasible bound=None
[clean-BPC    13.61s] node 61 d=9 lb=494.885971 open=35
[clean-BPC    13.61s] node 61 cg=1 phase=phase1 obj=0.0 artificial=0.0 cols=648
[clean-BPC    13.62s] node 61 cg=2 phase=phase2 obj=494.885971 artificial=0.0 cols=648
[clean-BPC    13.74s] node 61 cg=2 phase=phase2 best_rc=-0.0 found=0 added=0 exhausted=True
[clean-BPC    13.74s] branch node 61: left=task_vehicle(13,2)=off right=task_vehicle(13,2)=on
[clean-BPC    13.74s] node 75 d=10 lb=494.885971 open=36
[clean-BPC    13.74s] node 75 cg=1 phase=phase1 obj=0.0 artificial=0.0 cols=648
[clean-BPC    13.75s] node 75 cg=2 phase=phase2 obj=494.885971 artificial=0.0 cols=648
[clean-BPC    13.87s] node 75 cg=2 phase=phase2 best_rc=0.0 found=0 added=0 exhausted=True
[clean-BPC    13.87s] branch node 75: left=task_vehicle(20,2)=off right=task_vehicle(20,2)=on
[clean-BPC    13.87s] node 76 d=10 lb=494.885971 open=37
[clean-BPC    13.87s] node 76 cg=1 phase=phase1 obj=0.0 artificial=0.0 cols=648
[clean-BPC    13.88s] node 76 cg=2 phase=phase2 obj=494.885971 artificial=0.0 cols=648
[clean-BPC    14.00s] node 76 cg=2 phase=phase2 best_rc=-0.0 found=0 added=0 exhausted=True
[clean-BPC    14.00s] branch node 76: left=task_vehicle(20,1)=off right=task_vehicle(20,1)=on
[clean-BPC    14.00s] node 70 d=11 lb=494.885971 open=38
[clean-BPC    14.00s] node 70 cg=1 phase=phase1 obj=0.0 artificial=0.0 cols=648
[clean-BPC    14.01s] node 70 cg=2 phase=phase2 obj=494.885971 artificial=0.0 cols=648
[clean-BPC    14.10s] node 70 cg=2 phase=phase2 best_rc=-0.0 found=0 added=0 exhausted=True
[clean-BPC    14.10s] branch node 70: left=task_vehicle(20,2)=off right=task_vehicle(20,2)=on
[clean-BPC    14.10s] node 51 d=7 lb=494.885971 open=39
[clean-BPC    14.11s] node 51 cg=1 phase=phase1 obj=0.0 artificial=0.0 cols=648
[clean-BPC    14.12s] node 51 cg=2 phase=phase2 obj=494.885971 artificial=0.0 cols=648
[clean-BPC    14.28s] node 51 cg=2 phase=phase2 best_rc=-0.0 found=0 added=0 exhausted=True
[clean-BPC    14.28s] branch node 51: left=task_vehicle(20,1)=off right=task_vehicle(20,1)=on
[clean-BPC    14.28s] node 83 d=8 lb=494.885971 open=40
[clean-BPC    14.29s] node 83 cg=1 phase=phase1 obj=0.0 artificial=0.0 cols=648
[clean-BPC    14.30s] node 83 cg=2 phase=phase2 obj=494.885971 artificial=0.0 cols=648
[clean-BPC    14.47s] node 83 cg=2 phase=phase2 best_rc=-0.0 found=0 added=0 exhausted=True
[clean-BPC    14.47s] branch node 83: left=task_vehicle(3,1)=off right=task_vehicle(3,1)=on
[clean-BPC    14.47s] node 84 d=8 lb=494.885971 open=41
[clean-BPC    14.48s] node 84 cg=1 phase=phase1 obj=0.0 artificial=0.0 cols=648
[clean-BPC    14.49s] node 84 cg=2 phase=phase2 obj=494.885971 artificial=0.0 cols=648
[clean-BPC    14.66s] node 84 cg=2 phase=phase2 best_rc=0.0 found=0 added=0 exhausted=True
[clean-BPC    14.66s] branch node 84: left=vehicle(2)=off right=vehicle(2)=on
[clean-BPC    14.66s] node 85 d=9 lb=494.885971 open=42
[clean-BPC    14.67s] node 85 cg=1 phase=phase1 obj=0.0 artificial=0.0 cols=648
[clean-BPC    14.68s] node 85 cg=2 phase=phase2 obj=494.885971 artificial=0.0 cols=648
[clean-BPC    14.81s] node 85 cg=2 phase=phase2 best_rc=0.0 found=0 added=0 exhausted=True
[clean-BPC    14.81s] branch node 85: left=task_vehicle(1,1)=off right=task_vehicle(1,1)=on
[clean-BPC    14.81s] node 86 d=9 lb=494.885971 open=43
[clean-BPC    14.82s] node 86 cg=1 phase=phase1 obj=0.0 artificial=0.0 cols=648
[clean-BPC    14.83s] node 86 cg=2 phase=phase2 obj=494.885971 artificial=0.0 cols=648
[clean-BPC    14.96s] node 86 cg=2 phase=phase2 best_rc=0.0 found=0 added=0 exhausted=True
[clean-BPC    14.96s] branch node 86: left=vehicle(2)=off right=vehicle(2)=on
[clean-BPC    14.96s] node 87 d=9 lb=494.885971 open=44
[clean-BPC    14.97s] node 87 cg=1 phase=phase1 obj=4.731983 artificial=4.731983 cols=648
[clean-BPC    15.09s] node 87 cg=1 phase=phase1 best_rc=-0.346634035 found=60 added=60 exhausted=True
[clean-BPC    15.10s] node 87 cg=2 phase=phase1 obj=4.638116 artificial=4.638116 cols=708
[clean-BPC    15.22s] node 87 cg=2 phase=phase1 best_rc=-0.209802101 found=2 added=2 exhausted=True
[clean-BPC    15.23s] node 87 cg=3 phase=phase1 obj=4.638116 artificial=4.638116 cols=710
[clean-BPC    15.36s] node 87 cg=3 phase=phase1 best_rc=0.047433565 found=0 added=0 exhausted=True
[clean-BPC    15.36s] fathom node 87: reason=phase1_infeasible bound=None
[clean-BPC    15.36s] node 88 d=9 lb=494.885971 open=43
[clean-BPC    15.37s] node 88 cg=1 phase=phase1 obj=0.0 artificial=0.0 cols=710
[clean-BPC    15.38s] node 88 cg=2 phase=phase2 obj=526.902419 artificial=0.0 cols=710
[clean-BPC    15.55s] node 88 cg=2 phase=phase2 best_rc=0.0 found=0 added=0 exhausted=True
[clean-BPC    15.55s] branch node 88: left=task_vehicle(13,1)=off right=task_vehicle(13,1)=on
[clean-BPC    15.55s] node 53 d=7 lb=494.885971 open=44
[clean-BPC    15.56s] node 53 cg=1 phase=phase1 obj=0.0 artificial=0.0 cols=710
[clean-BPC    15.56s] node 53 cg=2 phase=phase2 obj=494.885971 artificial=0.0 cols=710
[clean-BPC    15.67s] node 53 cg=2 phase=phase2 best_rc=-0.0 found=0 added=0 exhausted=True
[clean-BPC    15.67s] branch node 53: left=task_vehicle(20,1)=off right=task_vehicle(20,1)=on
[clean-BPC    15.67s] node 80 d=11 lb=494.885971 open=45
[clean-BPC    15.68s] node 80 cg=1 phase=phase1 obj=0.0 artificial=0.0 cols=710
[clean-BPC    15.68s] node 80 cg=2 phase=phase2 obj=494.885971 artificial=0.0 cols=710
[clean-BPC    15.80s] node 80 cg=2 phase=phase2 best_rc=0.0 found=0 added=0 exhausted=True
[clean-BPC    15.80s] branch node 80: left=task_vehicle(1,1)=off right=task_vehicle(1,1)=on
[clean-BPC    15.80s] node 90 d=10 lb=494.885971 open=46
[clean-BPC    15.81s] node 90 cg=1 phase=phase1 obj=0.0 artificial=0.0 cols=710
[clean-BPC    15.82s] node 90 cg=2 phase=phase2 obj=494.885971 artificial=0.0 cols=710
[clean-BPC    15.94s] node 90 cg=2 phase=phase2 best_rc=0.0 found=0 added=0 exhausted=True
[clean-BPC    15.94s] branch node 90: left=task_vehicle(3,3)=off right=task_vehicle(3,3)=on
[clean-BPC    15.94s] node 91 d=10 lb=494.885971 open=47
[clean-BPC    15.95s] node 91 cg=1 phase=phase1 obj=4.638116 artificial=4.638116 cols=710
[clean-BPC    16.05s] node 91 cg=1 phase=phase1 best_rc=0.0 found=0 added=0 exhausted=True
[clean-BPC    16.05s] fathom node 91: reason=phase1_infeasible bound=None
[clean-BPC    16.05s] node 100 d=11 lb=494.885971 open=46
[clean-BPC    16.06s] node 100 cg=1 phase=phase1 obj=0.0 artificial=0.0 cols=710
[clean-BPC    16.07s] node 100 cg=2 phase=phase2 obj=494.885971 artificial=0.0 cols=710
[clean-BPC    16.18s] node 100 cg=2 phase=phase2 best_rc=0.0 found=0 added=0 exhausted=True
[clean-BPC    16.18s] branch node 100: left=task_vehicle(13,1)=off right=task_vehicle(13,1)=on
[clean-BPC    16.18s] node 101 d=12 lb=494.885971 open=47
[clean-BPC    16.19s] node 101 cg=1 phase=phase1 obj=0.0 artificial=0.0 cols=710
[clean-BPC    16.20s] node 101 cg=2 phase=phase2 obj=494.885971 artificial=0.0 cols=710
[clean-BPC    16.30s] node 101 cg=2 phase=phase2 best_rc=0.0 found=0 added=0 exhausted=True
[clean-BPC    16.30s] branch node 101: left=vehicle(2)=off right=vehicle(2)=on
[clean-BPC    16.30s] node 102 d=12 lb=494.885971 open=48
[clean-BPC    16.31s] node 102 cg=1 phase=phase1 obj=0.0 artificial=0.0 cols=710
[clean-BPC    16.31s] node 102 cg=2 phase=phase2 obj=494.885971 artificial=0.0 cols=710
[clean-BPC    16.42s] node 102 cg=2 phase=phase2 best_rc=0.0 found=0 added=0 exhausted=True
[clean-BPC    16.42s] branch node 102: left=task_vehicle(20,2)=off right=task_vehicle(20,2)=on
[clean-BPC    16.42s] node 105 d=13 lb=494.885971 open=49
[clean-BPC    16.43s] node 105 cg=1 phase=phase1 obj=0.0 artificial=0.0 cols=710
[clean-BPC    16.44s] node 105 cg=2 phase=phase2 obj=496.740249 artificial=0.0 cols=710
[clean-BPC    16.54s] node 105 cg=2 phase=phase2 best_rc=-0.298732667 found=2 added=2 exhausted=True
[clean-BPC    16.55s] node 105 cg=3 phase=phase2 obj=496.740249 artificial=0.0 cols=712
[clean-BPC    16.66s] node 105 cg=3 phase=phase2 best_rc=-0.0 found=0 added=0 exhausted=True
[clean-BPC    16.66s] branch node 105: left=RF(2,4)=separate right=RF(2,4)=same
[clean-BPC    16.66s] node 106 d=13 lb=494.885971 open=50
[clean-BPC    16.67s] node 106 cg=1 phase=phase1 obj=0.0 artificial=0.0 cols=712
[clean-BPC    16.68s] node 106 cg=2 phase=phase2 obj=494.885971 artificial=0.0 cols=712
[clean-BPC    16.78s] node 106 cg=2 phase=phase2 best_rc=0.0 found=0 added=0 exhausted=True
[clean-BPC    16.78s] branch node 106: left=vehicle(2)=off right=vehicle(2)=on
[clean-BPC    16.78s] node 109 d=14 lb=494.885971 open=51
[clean-BPC    16.79s] node 109 cg=1 phase=phase1 obj=5.354559 artificial=5.354559 cols=712
[clean-BPC    16.88s] node 109 cg=1 phase=phase1 best_rc=-0.034557927 found=8 added=8 exhausted=True
[clean-BPC    16.89s] node 109 cg=2 phase=phase1 obj=5.353887 artificial=5.353887 cols=720
[clean-BPC    16.99s] node 109 cg=2 phase=phase1 best_rc=-0.055589065 found=2 added=2 exhausted=True
[clean-BPC    16.99s] node 109 cg=3 phase=phase1 obj=5.353887 artificial=5.353887 cols=722
[clean-BPC    17.09s] node 109 cg=3 phase=phase1 best_rc=0.018714579 found=0 added=0 exhausted=True
[clean-BPC    17.09s] fathom node 109: reason=phase1_infeasible bound=None
[clean-BPC    17.09s] node 110 d=14 lb=494.885971 open=50
[clean-BPC    17.09s] node 110 cg=1 phase=phase1 obj=0.0 artificial=0.0 cols=722
[clean-BPC    17.10s] node 110 cg=2 phase=phase2 obj=539.525903 artificial=0.0 cols=722
[clean-BPC    17.22s] node 110 cg=2 phase=phase2 best_rc=-0.517265948 found=6 added=6 exhausted=True
[clean-BPC    17.23s] node 110 cg=3 phase=phase2 obj=539.525903 artificial=0.0 cols=728
[clean-BPC    17.33s] node 110 cg=3 phase=phase2 best_rc=0.0 found=0 added=0 exhausted=True
[clean-BPC    17.33s] branch node 110: left=RF(3,7)=separate right=RF(3,7)=same
[clean-BPC    17.33s] node 103 d=13 lb=494.885971 open=51
[clean-BPC    17.34s] node 103 cg=1 phase=phase1 obj=5.976465 artificial=5.976465 cols=728
[clean-BPC    17.43s] node 103 cg=1 phase=phase1 best_rc=0.0 found=0 added=0 exhausted=True
[clean-BPC    17.43s] fathom node 103: reason=phase1_infeasible bound=None
[clean-BPC    17.43s] node 104 d=13 lb=494.885971 open=50
[clean-BPC    17.43s] node 104 cg=1 phase=phase1 obj=0.0 artificial=0.0 cols=728
[clean-BPC    17.44s] node 104 cg=2 phase=phase2 obj=539.525903 artificial=0.0 cols=728
[clean-BPC    17.54s] node 104 cg=2 phase=phase2 best_rc=0.0 found=0 added=0 exhausted=True
[clean-BPC    17.54s] branch node 104: left=RF(3,7)=separate right=RF(3,7)=same
[clean-BPC    17.54s] node 92 d=10 lb=494.885971 open=51
[clean-BPC    17.55s] node 92 cg=1 phase=phase1 obj=0.0 artificial=0.0 cols=728
[clean-BPC    17.56s] node 92 cg=2 phase=phase2 obj=526.902419 artificial=0.0 cols=728
[clean-BPC    17.70s] node 92 cg=2 phase=phase2 best_rc=-0.011224 found=4 added=4 exhausted=True
[clean-BPC    17.70s] node 92 cg=3 phase=phase2 obj=526.902419 artificial=0.0 cols=732
[clean-BPC    17.84s] node 92 cg=3 phase=phase2 best_rc=0.0 found=0 added=0 exhausted=True
[clean-BPC    17.84s] cut_added: {'time': 17.844284, 'event': 'cut_added', 'node_id': 92, 'source_vehicle': 1, 'added': 3, 'signatures': [[15, 8, 4, 2], [3, 7, 18, 11]]}
[clean-BPC    17.84s] node 96 d=8 lb=494.885971 open=51
[clean-BPC    17.85s] node 96 cg=1 phase=phase1 obj=0.0 artificial=0.0 cols=732
[clean-BPC    17.86s] node 96 cg=2 phase=phase2 obj=494.885971 artificial=0.0 cols=732
[clean-BPC    17.97s] node 96 cg=2 phase=phase2 best_rc=-0.0 found=0 added=0 exhausted=True
[clean-BPC    17.97s] branch node 96: left=vehicle(2)=off right=vehicle(2)=on
[clean-BPC    17.97s] node 97 d=12 lb=494.885971 open=52
[clean-BPC    17.97s] node 97 cg=1 phase=phase1 obj=0.0 artificial=0.0 cols=732
[clean-BPC    17.98s] node 97 cg=2 phase=phase2 obj=496.370721 artificial=0.0 cols=732
[clean-BPC    18.09s] node 97 cg=2 phase=phase2 best_rc=0.0 found=0 added=0 exhausted=True
[clean-BPC    18.09s] branch node 97: left=RF(1,2)=separate right=RF(1,2)=same
[clean-BPC    18.09s] node 115 d=9 lb=494.885971 open=53
[clean-BPC    18.09s] node 115 cg=1 phase=phase1 obj=5.323051 artificial=5.323051 cols=732
[clean-BPC    18.16s] node 115 cg=1 phase=phase1 best_rc=0.0 found=0 added=0 exhausted=True
[clean-BPC    18.16s] fathom node 115: reason=phase1_infeasible bound=None
[clean-BPC    18.16s] node 116 d=9 lb=494.885971 open=52
[clean-BPC    18.17s] node 116 cg=1 phase=phase1 obj=0.0 artificial=0.0 cols=732
[clean-BPC    18.17s] node 116 cg=2 phase=phase2 obj=526.902419 artificial=0.0 cols=732
[clean-BPC    18.28s] node 116 cg=2 phase=phase2 best_rc=0.0 found=0 added=0 exhausted=True
[clean-BPC    18.28s] branch node 116: left=task_vehicle(13,1)=off right=task_vehicle(13,1)=on
[clean-BPC    18.28s] node 98 d=12 lb=494.885971 open=53
[clean-BPC    18.29s] node 98 cg=1 phase=phase1 obj=0.0 artificial=0.0 cols=732
[clean-BPC    18.30s] node 98 cg=2 phase=phase2 obj=497.674867 artificial=0.0 cols=732
[clean-BPC    18.40s] node 98 cg=2 phase=phase2 best_rc=-4.707161715 found=16 added=16 exhausted=True
[clean-BPC    18.41s] node 98 cg=3 phase=phase2 obj=497.674867 artificial=0.0 cols=748
[clean-BPC    18.50s] node 98 cg=3 phase=phase2 best_rc=-0.0 found=0 added=0 exhausted=True
[clean-BPC    18.50s] branch node 98: left=RF(2,4)=separate right=RF(2,4)=same
[clean-BPC    18.50s] node 99 d=11 lb=494.885971 open=54
[clean-BPC    18.51s] node 99 cg=1 phase=phase1 obj=0.0 artificial=0.0 cols=748
[clean-BPC    18.52s] node 99 cg=2 phase=phase2 obj=494.885971 artificial=0.0 cols=748
[clean-BPC    18.62s] node 99 cg=2 phase=phase2 best_rc=0.0 found=0 added=0 exhausted=True
[clean-BPC    18.63s] branch node 99: left=task_vehicle(20,2)=off right=task_vehicle(20,2)=on
[clean-BPC    18.63s] node 95 d=8 lb=494.885971 open=55
[clean-BPC    18.63s] node 95 cg=1 phase=phase1 obj=0.0 artificial=0.0 cols=748
[clean-BPC    18.64s] node 95 cg=2 phase=phase2 obj=494.885971 artificial=0.0 cols=748
[clean-BPC    18.75s] node 95 cg=2 phase=phase2 best_rc=-0.0 found=0 added=0 exhausted=True
[clean-BPC    18.75s] branch node 95: left=vehicle(2)=off right=vehicle(2)=on
[clean-BPC    18.75s] node 123 d=12 lb=494.885971 open=56
[clean-BPC    18.75s] node 123 cg=1 phase=phase1 obj=0.0 artificial=0.0 cols=748
[clean-BPC    18.76s] node 123 cg=2 phase=phase2 obj=494.885971 artificial=0.0 cols=748
[clean-BPC    18.87s] node 123 cg=2 phase=phase2 best_rc=0.0 found=0 added=0 exhausted=True
[clean-BPC    18.87s] branch node 123: left=vehicle(2)=off right=vehicle(2)=on
[clean-BPC    18.87s] node 124 d=12 lb=494.885971 open=57
[clean-BPC    18.89s] node 124 cg=1 phase=phase1 obj=0.0 artificial=0.0 cols=748
[clean-BPC    18.90s] node 124 cg=2 phase=phase2 obj=494.885971 artificial=0.0 cols=748
[clean-BPC    19.01s] node 124 cg=2 phase=phase2 best_rc=0.0 found=0 added=0 exhausted=True
[clean-BPC    19.01s] branch node 124: left=vehicle(2)=off right=vehicle(2)=on
[clean-BPC    19.01s] node 125 d=9 lb=494.885971 open=58
[clean-BPC    19.01s] node 125 cg=1 phase=phase1 obj=5.323051 artificial=5.323051 cols=748
[clean-BPC    19.08s] node 125 cg=1 phase=phase1 best_rc=0.0 found=0 added=0 exhausted=True
[clean-BPC    19.08s] fathom node 125: reason=phase1_infeasible bound=None
[clean-BPC    19.08s] node 126 d=9 lb=494.885971 open=57
[clean-BPC    19.09s] node 126 cg=1 phase=phase1 obj=0.0 artificial=0.0 cols=748
[clean-BPC    19.09s] node 126 cg=2 phase=phase2 obj=526.902419 artificial=0.0 cols=748
[clean-BPC    19.21s] node 126 cg=2 phase=phase2 best_rc=0.0 found=0 added=0 exhausted=True
[clean-BPC    19.21s] cut_added: {'time': 19.209536, 'event': 'cut_added', 'node_id': 126, 'source_vehicle': 1, 'added': 3, 'signatures': [[19, 10, 6], [3, 7, 18, 11], [9, 1]]}
[clean-BPC    19.21s] node 129 d=13 lb=494.885971 open=57
[clean-BPC    19.22s] node 129 cg=1 phase=phase1 obj=5.353887 artificial=5.353887 cols=748
[clean-BPC    19.29s] node 129 cg=1 phase=phase1 best_rc=-0.025926544 found=4 added=4 exhausted=True
[clean-BPC    19.29s] node 129 cg=2 phase=phase1 obj=5.353887 artificial=5.353887 cols=752
[clean-BPC    19.36s] node 129 cg=2 phase=phase1 best_rc=0.018714579 found=0 added=0 exhausted=True
[clean-BPC    19.36s] fathom node 129: reason=phase1_infeasible bound=None
[clean-BPC    19.36s] node 130 d=13 lb=494.885971 open=56
[clean-BPC    19.37s] node 130 cg=1 phase=phase1 obj=0.0 artificial=0.0 cols=752
[clean-BPC    19.38s] node 130 cg=2 phase=phase2 obj=526.902419 artificial=0.0 cols=752
[clean-BPC    19.49s] node 130 cg=2 phase=phase2 best_rc=-0.0 found=0 added=0 exhausted=True
[clean-BPC    19.49s] cut_added: {'time': 19.492838, 'event': 'cut_added', 'node_id': 130, 'source_vehicle': 1, 'added': 3, 'signatures': [[15, 8, 4, 2], [9, 1]]}
[clean-BPC    19.49s] node 52 d=7 lb=494.885971 open=56
[clean-BPC    19.50s] node 52 cg=1 phase=phase1 obj=0.0 artificial=0.0 cols=752
[clean-BPC    19.51s] node 52 cg=2 phase=phase2 obj=494.885971 artificial=0.0 cols=752
[clean-BPC    19.68s] node 52 cg=2 phase=phase2 best_rc=-0.0 found=0 added=0 exhausted=True
[clean-BPC    19.68s] branch node 52: left=task_vehicle(13,1)=off right=task_vehicle(13,1)=on
[clean-BPC    19.68s] node 131 d=8 lb=494.885971 open=57
[clean-BPC    19.69s] node 131 cg=1 phase=phase1 obj=0.0 artificial=0.0 cols=752
[clean-BPC    19.70s] node 131 cg=2 phase=phase2 obj=494.885971 artificial=0.0 cols=752
[clean-BPC    19.86s] node 131 cg=2 phase=phase2 best_rc=0.0 found=0 added=0 exhausted=True
[clean-BPC    19.86s] branch node 131: left=task_vehicle(20,1)=off right=task_vehicle(20,1)=on
[clean-BPC    19.86s] node 132 d=8 lb=494.885971 open=58
[clean-BPC    19.87s] node 132 cg=1 phase=phase1 obj=0.0 artificial=0.0 cols=752
[clean-BPC    19.89s] node 132 cg=2 phase=phase2 obj=494.898269 artificial=0.0 cols=752
[clean-BPC    20.05s] node 132 cg=2 phase=phase2 best_rc=-0.0 found=0 added=0 exhausted=True
[clean-BPC    20.05s] branch node 132: left=RF(2,6)=separate right=RF(2,6)=same
[clean-BPC    20.05s] node 40 d=9 lb=494.885971 open=59
[clean-BPC    20.06s] node 40 cg=1 phase=phase1 obj=0.0 artificial=0.0 cols=752
[clean-BPC    20.08s] node 40 cg=2 phase=phase2 obj=494.885971 artificial=0.0 cols=752
[clean-BPC    20.21s] node 40 cg=2 phase=phase2 best_rc=0.0 found=0 added=0 exhausted=True
[clean-BPC    20.21s] branch node 40: left=vehicle(2)=off right=vehicle(2)=on
[clean-BPC    20.21s] node 133 d=9 lb=494.885971 open=60
[clean-BPC    20.22s] node 133 cg=1 phase=phase1 obj=0.0 artificial=0.0 cols=752
[clean-BPC    20.23s] node 133 cg=2 phase=phase2 obj=494.885971 artificial=0.0 cols=752
[clean-BPC    20.39s] node 133 cg=2 phase=phase2 best_rc=0.0 found=0 added=0 exhausted=True
[clean-BPC    20.39s] branch node 133: left=task_vehicle(1,2)=off right=task_vehicle(1,2)=on
[clean-BPC    20.39s] node 139 d=10 lb=494.885971 open=61
[clean-BPC    20.40s] node 139 cg=1 phase=phase1 obj=0.0 artificial=0.0 cols=752
[clean-BPC    20.41s] node 139 cg=2 phase=phase2 obj=494.885971 artificial=0.0 cols=752
[clean-BPC    20.57s] node 139 cg=2 phase=phase2 best_rc=0.0 found=0 added=0 exhausted=True
[clean-BPC    20.57s] branch node 139: left=vehicle(2)=off right=vehicle(2)=on
[clean-BPC    20.57s] node 140 d=10 lb=494.885971 open=62
[clean-BPC    20.58s] node 140 cg=1 phase=phase1 obj=0.0 artificial=0.0 cols=752
[clean-BPC    20.59s] node 140 cg=2 phase=phase2 obj=494.885971 artificial=0.0 cols=752
[clean-BPC    20.73s] node 140 cg=2 phase=phase2 best_rc=0.0 found=0 added=0 exhausted=True
[clean-BPC    20.73s] branch node 140: left=task_vehicle(3,1)=off right=task_vehicle(3,1)=on
[clean-BPC    20.73s] node 134 d=9 lb=494.885971 open=63
[clean-BPC    20.74s] node 134 cg=1 phase=phase1 obj=0.0 artificial=0.0 cols=752
[clean-BPC    20.75s] node 134 cg=2 phase=phase2 obj=495.205067 artificial=0.0 cols=752
[clean-BPC    20.92s] node 134 cg=2 phase=phase2 best_rc=0.0 found=0 added=0 exhausted=True
[clean-BPC    20.92s] branch node 134: left=RF(2,4)=separate right=RF(2,4)=same
[clean-BPC    20.92s] node 137 d=10 lb=494.885971 open=64
[clean-BPC    20.92s] node 137 cg=1 phase=phase1 obj=5.556858 artificial=5.556858 cols=752
[clean-BPC    21.01s] node 137 cg=1 phase=phase1 best_rc=-0.226484242 found=14 added=14 exhausted=True
[clean-BPC    21.02s] node 137 cg=2 phase=phase1 obj=5.542969 artificial=5.542969 cols=766
[clean-BPC    21.11s] node 137 cg=2 phase=phase1 best_rc=0.0 found=0 added=0 exhausted=True
[clean-BPC    21.11s] fathom node 137: reason=phase1_infeasible bound=None
[clean-BPC    21.11s] node 138 d=10 lb=494.885971 open=63
[clean-BPC    21.12s] node 138 cg=1 phase=phase1 obj=0.0 artificial=0.0 cols=766
[clean-BPC    21.13s] node 138 cg=2 phase=phase2 obj=544.312942 artificial=0.0 cols=766
[clean-BPC    21.26s] node 138 cg=2 phase=phase2 best_rc=0.0 found=0 added=0 exhausted=True
[clean-BPC    21.26s] branch node 138: left=vehicle(3)=off right=vehicle(3)=on
[clean-BPC    21.26s] node 141 d=11 lb=494.885971 open=64
[clean-BPC    21.27s] node 141 cg=1 phase=phase1 obj=4.339935 artificial=4.339935 cols=766
[clean-BPC    21.41s] node 141 cg=1 phase=phase1 best_rc=0.0 found=0 added=0 exhausted=True
[clean-BPC    21.41s] fathom node 141: reason=phase1_infeasible bound=None
[clean-BPC    21.41s] node 142 d=11 lb=494.885971 open=63
[clean-BPC    21.43s] node 142 cg=1 phase=phase1 obj=0.0 artificial=0.0 cols=766
[clean-BPC    21.44s] node 142 cg=2 phase=phase2 obj=526.902419 artificial=0.0 cols=766
[clean-BPC    21.60s] node 142 cg=2 phase=phase2 best_rc=0.0 found=0 added=0 exhausted=True
[clean-BPC    21.60s] cut_added: {'time': 21.60239, 'event': 'cut_added', 'node_id': 142, 'source_vehicle': 1, 'added': 3, 'signatures': [[16, 12, 14, 5], [9, 1]]}
[clean-BPC    21.60s] node 143 d=11 lb=494.885971 open=63
[clean-BPC    21.61s] node 143 cg=1 phase=phase1 obj=0.0 artificial=0.0 cols=766
[clean-BPC    21.62s] node 143 cg=2 phase=phase2 obj=494.885971 artificial=0.0 cols=766
[clean-BPC    21.71s] node 143 cg=2 phase=phase2 best_rc=-0.0 found=0 added=0 exhausted=True
[clean-BPC    21.71s] branch node 143: left=task_vehicle(3,2)=off right=task_vehicle(3,2)=on
[clean-BPC    21.71s] node 144 d=11 lb=494.885971 open=64
[clean-BPC    21.72s] node 144 cg=1 phase=phase1 obj=0.0 artificial=0.0 cols=766
[clean-BPC    21.73s] node 144 cg=2 phase=phase2 obj=495.295965 artificial=0.0 cols=766
[clean-BPC    21.86s] node 144 cg=2 phase=phase2 best_rc=0.0 found=0 added=0 exhausted=True
[clean-BPC    21.86s] branch node 144: left=RF(2,4)=separate right=RF(2,4)=same
[clean-BPC    21.86s] node 89 d=10 lb=494.885971 open=65
[clean-BPC    21.88s] node 89 cg=1 phase=phase1 obj=0.0 artificial=0.0 cols=766
[clean-BPC    21.89s] node 89 cg=2 phase=phase2 obj=494.885971 artificial=0.0 cols=766
[clean-BPC    22.02s] node 89 cg=2 phase=phase2 best_rc=0.0 found=0 added=0 exhausted=True
[clean-BPC    22.02s] branch node 89: left=vehicle(2)=off right=vehicle(2)=on
[clean-BPC    22.02s] node 68 d=10 lb=494.885971 open=66
[clean-BPC    22.03s] node 68 cg=1 phase=phase1 obj=0.0 artificial=0.0 cols=766
[clean-BPC    22.03s] node 68 cg=2 phase=phase2 obj=544.312942 artificial=0.0 cols=766
[clean-BPC    22.15s] node 68 cg=2 phase=phase2 best_rc=-2.860083167 found=2 added=2 exhausted=True
[clean-BPC    22.15s] node 68 cg=3 phase=phase2 obj=544.312942 artificial=0.0 cols=768
[clean-BPC    22.27s] node 68 cg=3 phase=phase2 best_rc=0.0 found=0 added=0 exhausted=True
[clean-BPC    22.27s] branch node 68: left=vehicle(3)=off right=vehicle(3)=on
[clean-BPC    22.27s] node 82 d=12 lb=494.885971 open=67
[clean-BPC    22.28s] node 82 cg=1 phase=phase1 obj=0.0 artificial=0.0 cols=768
[clean-BPC    22.28s] node 82 cg=2 phase=phase2 obj=494.885971 artificial=0.0 cols=768
[clean-BPC    22.38s] node 82 cg=2 phase=phase2 best_rc=-0.0 found=0 added=0 exhausted=True
[clean-BPC    22.38s] branch node 82: left=task_vehicle(13,2)=off right=task_vehicle(13,2)=on
[clean-BPC    22.38s] node 157 d=13 lb=494.885971 open=68
[clean-BPC    22.39s] node 157 cg=1 phase=phase1 obj=0.0 artificial=0.0 cols=768
[clean-BPC    22.39s] node 157 cg=2 phase=phase2 obj=494.885971 artificial=0.0 cols=768
[clean-BPC    22.49s] node 157 cg=2 phase=phase2 best_rc=-0.0 found=0 added=0 exhausted=True
[clean-BPC    22.49s] branch node 157: left=task_vehicle(1,2)=off right=task_vehicle(1,2)=on
[clean-BPC    22.49s] node 158 d=13 lb=494.885971 open=69
[clean-BPC    22.50s] node 158 cg=1 phase=phase1 obj=0.0 artificial=0.0 cols=768
[clean-BPC    22.51s] node 158 cg=2 phase=phase2 obj=495.280546 artificial=0.0 cols=768
[clean-BPC    22.61s] node 158 cg=2 phase=phase2 best_rc=-1.159804767 found=2 added=2 exhausted=True
[clean-BPC    22.62s] node 158 cg=3 phase=phase2 obj=495.280546 artificial=0.0 cols=770
[clean-BPC    22.71s] node 158 cg=3 phase=phase2 best_rc=0.0 found=0 added=0 exhausted=True
[clean-BPC    22.71s] branch node 158: left=RF(13,17)=separate right=RF(13,17)=same
[clean-BPC    22.71s] node 154 d=11 lb=494.885971 open=70
[clean-BPC    22.72s] node 154 cg=1 phase=phase1 obj=0.0 artificial=0.0 cols=770
[clean-BPC    22.73s] node 154 cg=2 phase=phase2 obj=526.902419 artificial=0.0 cols=770
[clean-BPC    22.86s] node 154 cg=2 phase=phase2 best_rc=-0.0 found=0 added=0 exhausted=True
[clean-BPC    22.86s] cut_added: {'time': 22.862439, 'event': 'cut_added', 'node_id': 154, 'source_vehicle': 1, 'added': 3, 'signatures': [[19, 10, 6], [15, 8, 4, 2]]}
[clean-BPC    22.86s] node 36 d=9 lb=494.885971 open=70
[clean-BPC    22.88s] node 36 cg=1 phase=phase1 obj=0.0 artificial=0.0 cols=770
[clean-BPC    22.89s] node 36 cg=2 phase=phase2 obj=494.885971 artificial=0.0 cols=770
[clean-BPC    23.01s] node 36 cg=2 phase=phase2 best_rc=0.0 found=0 added=0 exhausted=True
[clean-BPC    23.01s] branch node 36: left=task_vehicle(13,1)=off right=task_vehicle(13,1)=on
[clean-BPC    23.01s] node 160 d=14 lb=494.885971 open=71
[clean-BPC    23.02s] node 160 cg=1 phase=phase1 obj=0.0 artificial=0.0 cols=770
[clean-BPC    23.03s] node 160 cg=2 phase=phase2 obj=498.31778 artificial=0.0 cols=770
[clean-BPC    23.11s] node 160 cg=2 phase=phase2 best_rc=-1.461107791 found=2 added=2 exhausted=True
[clean-BPC    23.12s] node 160 cg=3 phase=phase2 obj=498.31778 artificial=0.0 cols=772
[clean-BPC    23.19s] node 160 cg=3 phase=phase2 best_rc=-0.0 found=0 added=0 exhausted=True
[clean-BPC    23.19s] branch node 160: left=RF(2,4)=separate right=RF(2,4)=same
[clean-BPC    23.19s] node 35 d=9 lb=494.885971 open=72
[clean-BPC    23.20s] node 35 cg=1 phase=phase1 obj=0.0 artificial=0.0 cols=772
[clean-BPC    23.21s] node 35 cg=2 phase=phase2 obj=494.885971 artificial=0.0 cols=772
[clean-BPC    23.37s] node 35 cg=2 phase=phase2 best_rc=-0.0 found=0 added=0 exhausted=True
[clean-BPC    23.37s] branch node 35: left=task_vehicle(3,2)=off right=task_vehicle(3,2)=on
[clean-BPC    23.37s] node 167 d=10 lb=494.885971 open=73
[clean-BPC    23.38s] node 167 cg=1 phase=phase1 obj=0.0 artificial=0.0 cols=772
[clean-BPC    23.39s] node 167 cg=2 phase=phase2 obj=494.885971 artificial=0.0 cols=772
[clean-BPC    23.53s] node 167 cg=2 phase=phase2 best_rc=0.0 found=0 added=0 exhausted=True
[clean-BPC    23.53s] branch node 167: left=vehicle(2)=off right=vehicle(2)=on
[clean-BPC    23.53s] node 168 d=10 lb=494.885971 open=74
[clean-BPC    23.54s] node 168 cg=1 phase=phase1 obj=0.0 artificial=0.0 cols=772
[clean-BPC    23.55s] node 168 cg=2 phase=phase2 obj=494.885971 artificial=0.0 cols=772
[clean-BPC    23.68s] node 168 cg=2 phase=phase2 best_rc=-0.0 found=0 added=0 exhausted=True
[clean-BPC    23.68s] branch node 168: left=vehicle(2)=off right=vehicle(2)=on
[clean-BPC    23.68s] node 45 d=6 lb=494.885971 open=75
[clean-BPC    23.69s] node 45 cg=1 phase=phase1 obj=0.0 artificial=0.0 cols=772
[clean-BPC    23.71s] node 45 cg=2 phase=phase2 obj=494.885971 artificial=0.0 cols=772
[clean-BPC    23.87s] node 45 cg=2 phase=phase2 best_rc=0.0 found=0 added=0 exhausted=True
[clean-BPC    23.87s] branch node 45: left=vehicle(2)=off right=vehicle(2)=on
[clean-BPC    23.87s] node 78 d=11 lb=494.885971 open=76
[clean-BPC    23.88s] node 78 cg=1 phase=phase1 obj=0.0 artificial=0.0 cols=772
[clean-BPC    23.89s] node 78 cg=2 phase=phase2 obj=494.885971 artificial=0.0 cols=772
[clean-BPC    24.02s] node 78 cg=2 phase=phase2 best_rc=0.0 found=0 added=0 exhausted=True
[clean-BPC    24.02s] branch node 78: left=task_vehicle(1,1)=off right=task_vehicle(1,1)=on
[clean-BPC    24.02s] node 164 d=10 lb=494.885971 open=77
[clean-BPC    24.03s] node 164 cg=1 phase=phase1 obj=0.0 artificial=0.0 cols=772
[clean-BPC    24.04s] node 164 cg=2 phase=phase2 obj=494.885971 artificial=0.0 cols=772
[clean-BPC    24.19s] node 164 cg=2 phase=phase2 best_rc=0.0 found=0 added=0 exhausted=True
[clean-BPC    24.19s] branch node 164: left=vehicle(2)=off right=vehicle(2)=on
[clean-BPC    24.19s] node 77 d=11 lb=494.885971 open=78
[clean-BPC    24.21s] node 77 cg=1 phase=phase1 obj=0.0 artificial=0.0 cols=772
[clean-BPC    24.22s] node 77 cg=2 phase=phase2 obj=497.075149 artificial=0.0 cols=772
[clean-BPC    24.35s] node 77 cg=2 phase=phase2 best_rc=0.0 found=0 added=0 exhausted=True
[clean-BPC    24.35s] branch node 77: left=RF(2,4)=separate right=RF(2,4)=same
[clean-BPC    24.35s] node 170 d=11 lb=494.885971 open=79
[clean-BPC    24.36s] node 170 cg=1 phase=phase1 obj=0.0 artificial=0.0 cols=772
[clean-BPC    24.37s] node 170 cg=2 phase=phase2 obj=562.427555 artificial=0.0 cols=772
[clean-BPC    24.52s] node 170 cg=2 phase=phase2 best_rc=-15.4772835 found=124 added=124 exhausted=True
[clean-BPC    24.54s] node 170 cg=3 phase=phase2 obj=562.427555 artificial=0.0 cols=896
[clean-BPC    24.69s] node 170 cg=3 phase=phase2 best_rc=0.0 found=0 added=0 exhausted=True
[clean-BPC    24.69s] branch node 170: left=vehicle(3)=off right=vehicle(3)=on
[clean-BPC    24.69s] node 172 d=11 lb=494.885971 open=80
[clean-BPC    24.70s] node 172 cg=1 phase=phase1 obj=0.0 artificial=0.0 cols=896
[clean-BPC    24.71s] node 172 cg=2 phase=phase2 obj=550.344524 artificial=0.0 cols=896
[clean-BPC    24.85s] node 172 cg=2 phase=phase2 best_rc=0.0 found=0 added=0 exhausted=True
[clean-BPC    24.85s] branch node 172: left=vehicle(3)=off right=vehicle(3)=on
[clean-BPC    24.85s] node 173 d=7 lb=494.885971 open=81
[clean-BPC    24.86s] node 173 cg=1 phase=phase1 obj=5.306728 artificial=5.306728 cols=896
[clean-BPC    24.94s] node 173 cg=1 phase=phase1 best_rc=0.0 found=0 added=0 exhausted=True
[clean-BPC    24.94s] fathom node 173: reason=phase1_infeasible bound=None
[clean-BPC    24.94s] node 176 d=12 lb=494.885971 open=80
[clean-BPC    24.95s] node 176 cg=1 phase=phase1 obj=0.0 artificial=0.0 cols=896
[clean-BPC    24.96s] node 176 cg=2 phase=phase2 obj=495.729514 artificial=0.0 cols=896
[clean-BPC    25.07s] node 176 cg=2 phase=phase2 best_rc=0.0 found=0 added=0 exhausted=True
[clean-BPC    25.07s] branch node 176: left=RF(2,4)=separate right=RF(2,4)=same
[clean-BPC    25.07s] node 177 d=11 lb=494.885971 open=81
[clean-BPC    25.08s] node 177 cg=1 phase=phase1 obj=5.542969 artificial=5.542969 cols=896
[clean-BPC    25.18s] node 177 cg=1 phase=phase1 best_rc=0.0 found=0 added=0 exhausted=True
[clean-BPC    25.18s] fathom node 177: reason=phase1_infeasible bound=None
[clean-BPC    25.18s] node 178 d=11 lb=494.885971 open=80
[clean-BPC    25.19s] node 178 cg=1 phase=phase1 obj=0.0 artificial=0.0 cols=896
[clean-BPC    25.20s] node 178 cg=2 phase=phase2 obj=550.344524 artificial=0.0 cols=896
[clean-BPC    25.32s] node 178 cg=2 phase=phase2 best_rc=-0.0 found=0 added=0 exhausted=True
[clean-BPC    25.32s] branch node 178: left=task_vehicle(1,1)=off right=task_vehicle(1,1)=on
[clean-BPC    25.32s] node 174 d=7 lb=494.885971 open=81
[clean-BPC    25.33s] node 174 cg=1 phase=phase1 obj=0.0 artificial=0.0 cols=896
[clean-BPC    25.35s] node 174 cg=2 phase=phase2 obj=526.902419 artificial=0.0 cols=896
[clean-BPC    25.51s] node 174 cg=2 phase=phase2 best_rc=0.0 found=0 added=0 exhausted=True
[clean-BPC    25.51s] branch node 174: left=task_vehicle(5,1)=off right=task_vehicle(5,1)=on
[clean-BPC    25.51s] node 175 d=12 lb=494.885971 open=82
[clean-BPC    25.52s] node 175 cg=1 phase=phase1 obj=0.0 artificial=0.0 cols=896
[clean-BPC    25.53s] node 175 cg=2 phase=phase2 obj=497.093975 artificial=0.0 cols=896
[clean-BPC    25.65s] node 175 cg=2 phase=phase2 best_rc=0.0 found=0 added=0 exhausted=True
[clean-BPC    25.65s] branch node 175: left=RF(1,2)=separate right=RF(1,2)=same
[clean-BPC    25.65s] node 81 d=12 lb=494.885971 open=83
[clean-BPC    25.66s] node 81 cg=1 phase=phase1 obj=0.0 artificial=0.0 cols=896
[clean-BPC    25.67s] node 81 cg=2 phase=phase2 obj=494.885971 artificial=0.0 cols=896
[clean-BPC    25.77s] node 81 cg=2 phase=phase2 best_rc=-0.0 found=0 added=0 exhausted=True
[clean-BPC    25.77s] branch node 81: left=task_vehicle(1,2)=off right=task_vehicle(1,2)=on
[clean-BPC    25.77s] node 193 d=13 lb=494.885971 open=84
[clean-BPC    25.78s] node 193 cg=1 phase=phase1 obj=0.0 artificial=0.0 cols=896
[clean-BPC    25.79s] node 193 cg=2 phase=phase2 obj=495.803051 artificial=0.0 cols=896
[clean-BPC    25.88s] node 193 cg=2 phase=phase2 best_rc=0.0 found=0 added=0 exhausted=True
[clean-BPC    25.88s] branch node 193: left=RF(1,2)=separate right=RF(1,2)=same
[clean-BPC    25.88s] node 194 d=13 lb=494.885971 open=85
[clean-BPC    25.89s] node 194 cg=1 phase=phase1 obj=0.0 artificial=0.0 cols=896
[clean-BPC    25.90s] node 194 cg=2 phase=phase2 obj=495.89359 artificial=0.0 cols=896
[clean-BPC    25.98s] node 194 cg=2 phase=phase2 best_rc=-0.0 found=0 added=0 exhausted=True
[clean-BPC    25.98s] branch node 194: left=RF(13,17)=separate right=RF(13,17)=same
[clean-BPC    25.98s] node 79 d=11 lb=494.885971 open=86
[clean-BPC    25.99s] node 79 cg=1 phase=phase1 obj=0.0 artificial=0.0 cols=896
[clean-BPC    26.00s] node 79 cg=2 phase=phase2 obj=497.747858 artificial=0.0 cols=896
[clean-BPC    26.12s] node 79 cg=2 phase=phase2 best_rc=0.0 found=0 added=0 exhausted=True
[clean-BPC    26.12s] branch node 79: left=RF(13,17)=separate right=RF(13,17)=same
[clean-BPC    26.12s] node 171 d=11 lb=494.885971 open=87
[clean-BPC    26.13s] node 171 cg=1 phase=phase1 obj=6.207184 artificial=6.207184 cols=896
[clean-BPC    26.22s] node 171 cg=1 phase=phase1 best_rc=0.0 found=0 added=0 exhausted=True
[clean-BPC    26.22s] fathom node 171: reason=phase1_infeasible bound=None
[clean-BPC    26.22s] node 169 d=11 lb=494.885971 open=86
[clean-BPC    26.23s] node 169 cg=1 phase=phase1 obj=6.207184 artificial=6.207184 cols=896
[clean-BPC    26.34s] node 169 cg=1 phase=phase1 best_rc=0.0 found=0 added=0 exhausted=True
[clean-BPC    26.34s] fathom node 169: reason=phase1_infeasible bound=None
[clean-BPC    26.34s] node 37 d=9 lb=494.885971 open=85
[clean-BPC    26.36s] node 37 cg=1 phase=phase1 obj=0.0 artificial=0.0 cols=896
[clean-BPC    26.38s] node 37 cg=2 phase=phase2 obj=494.885971 artificial=0.0 cols=896
[clean-BPC    26.58s] node 37 cg=2 phase=phase2 best_rc=0.0 found=0 added=0 exhausted=True
[clean-BPC    26.58s] branch node 37: left=task_vehicle(2,2)=off right=task_vehicle(2,2)=on
[clean-BPC    26.58s] node 72 d=11 lb=494.885971 open=86
[clean-BPC    26.59s] node 72 cg=1 phase=phase1 obj=0.0 artificial=0.0 cols=896
[clean-BPC    26.59s] node 72 cg=2 phase=phase2 obj=544.312942 artificial=0.0 cols=896
[clean-BPC    26.70s] node 72 cg=2 phase=phase2 best_rc=0.0 found=0 added=0 exhausted=True
[clean-BPC    26.70s] branch node 72: left=vehicle(3)=off right=vehicle(3)=on
[clean-BPC    26.70s] node 150 d=12 lb=494.885971 open=87
[clean-BPC    26.71s] node 150 cg=1 phase=phase1 obj=0.0 artificial=0.0 cols=896
[clean-BPC    26.72s] node 150 cg=2 phase=phase2 obj=494.885971 artificial=0.0 cols=896
[clean-BPC    26.81s] node 150 cg=2 phase=phase2 best_rc=-0.0 found=0 added=0 exhausted=True
[clean-BPC    26.81s] branch node 150: left=task_vehicle(20,2)=off right=task_vehicle(20,2)=on
[clean-BPC    26.81s] node 201 d=10 lb=494.885971 open=88
[clean-BPC    26.82s] node 201 cg=1 phase=phase1 obj=0.0 artificial=0.0 cols=896
[clean-BPC    26.83s] node 201 cg=2 phase=phase2 obj=494.885971 artificial=0.0 cols=896
[clean-BPC    26.99s] node 201 cg=2 phase=phase2 best_rc=0.0 found=0 added=0 exhausted=True
[clean-BPC    26.99s] branch node 201: left=vehicle(2)=off right=vehicle(2)=on
[clean-BPC    26.99s] node 202 d=10 lb=494.885971 open=89
[clean-BPC    27.00s] node 202 cg=1 phase=phase1 obj=0.0 artificial=0.0 cols=896
[clean-BPC    27.02s] node 202 cg=2 phase=phase2 obj=494.885971 artificial=0.0 cols=896
[clean-BPC    27.20s] node 202 cg=2 phase=phase2 best_rc=0.0 found=0 added=0 exhausted=True
[clean-BPC    27.20s] branch node 202: left=vehicle(2)=off right=vehicle(2)=on
[clean-BPC    27.20s] node 205 d=13 lb=494.885971 open=90
[clean-BPC    27.21s] node 205 cg=1 phase=phase1 obj=0.0 artificial=0.0 cols=896
[clean-BPC    27.22s] node 205 cg=2 phase=phase2 obj=494.885971 artificial=0.0 cols=896
[clean-BPC    27.31s] node 205 cg=2 phase=phase2 best_rc=0.0 found=0 added=0 exhausted=True
[clean-BPC    27.31s] branch node 205: left=task_vehicle(13,2)=off right=task_vehicle(13,2)=on
[clean-BPC    27.31s] node 206 d=13 lb=494.885971 open=91
[clean-BPC    27.32s] node 206 cg=1 phase=phase1 obj=0.0 artificial=0.0 cols=896
[clean-BPC    27.33s] node 206 cg=2 phase=phase2 obj=494.885971 artificial=0.0 cols=896
[clean-BPC    27.43s] node 206 cg=2 phase=phase2 best_rc=-0.0 found=0 added=0 exhausted=True
[clean-BPC    27.43s] branch node 206: left=task_vehicle(13,2)=off right=task_vehicle(13,2)=on
[clean-BPC    27.43s] node 213 d=14 lb=494.885971 open=92
[clean-BPC    27.43s] node 213 cg=1 phase=phase1 obj=0.0 artificial=0.0 cols=896
[clean-BPC    27.44s] node 213 cg=2 phase=phase2 obj=494.885971 artificial=0.0 cols=896
[clean-BPC    27.53s] node 213 cg=2 phase=phase2 best_rc=0.0 found=0 added=0 exhausted=True
[clean-BPC    27.53s] branch node 213: left=vehicle(2)=off right=vehicle(2)=on
[clean-BPC    27.53s] node 214 d=14 lb=494.885971 open=93
[clean-BPC    27.54s] node 214 cg=1 phase=phase1 obj=0.0 artificial=0.0 cols=896
[clean-BPC    27.55s] node 214 cg=2 phase=phase2 obj=495.799684 artificial=0.0 cols=896
[clean-BPC    27.64s] node 214 cg=2 phase=phase2 best_rc=-0.0 found=0 added=0 exhausted=True
[clean-BPC    27.64s] branch node 214: left=RF(13,17)=separate right=RF(13,17)=same
[clean-BPC    27.64s] node 207 d=11 lb=494.885971 open=94
[clean-BPC    27.65s] node 207 cg=1 phase=phase1 obj=6.207184 artificial=6.207184 cols=896
[clean-BPC    27.72s] node 207 cg=1 phase=phase1 best_rc=-0.0582491 found=4 added=4 exhausted=True
[clean-BPC    27.73s] node 207 cg=2 phase=phase1 obj=6.207184 artificial=6.207184 cols=900
[clean-BPC    27.81s] node 207 cg=2 phase=phase1 best_rc=0.0 found=0 added=0 exhausted=True
[clean-BPC    27.81s] fathom node 207: reason=phase1_infeasible bound=None
[clean-BPC    27.81s] node 208 d=11 lb=494.885971 open=93
[clean-BPC    27.82s] node 208 cg=1 phase=phase1 obj=0.0 artificial=0.0 cols=900
[clean-BPC    27.83s] node 208 cg=2 phase=phase2 obj=544.312942 artificial=0.0 cols=900
[clean-BPC    27.98s] node 208 cg=2 phase=phase2 best_rc=-0.0 found=0 added=0 exhausted=True
[clean-BPC    27.98s] branch node 208: left=RF(6,10)=separate right=RF(6,10)=same
[clean-BPC    27.98s] node 209 d=11 lb=494.885971 open=94
[clean-BPC    27.99s] node 209 cg=1 phase=phase1 obj=6.207184 artificial=6.207184 cols=900
[clean-BPC    28.04s] node 209 cg=1 phase=phase1 best_rc=0.0 found=0 added=0 exhausted=True
[clean-BPC    28.04s] fathom node 209: reason=phase1_infeasible bound=None
[clean-BPC    28.04s] node 212 d=14 lb=494.885971 open=93
[clean-BPC    28.05s] node 212 cg=1 phase=phase1 obj=0.0 artificial=0.0 cols=900
[clean-BPC    28.06s] node 212 cg=2 phase=phase2 obj=494.885971 artificial=0.0 cols=900
[clean-BPC    28.15s] node 212 cg=2 phase=phase2 best_rc=0.0 found=0 added=0 exhausted=True
[clean-BPC    28.15s] branch node 212: left=vehicle(2)=off right=vehicle(2)=on
[clean-BPC    28.15s] node 216 d=15 lb=494.885971 open=94
[clean-BPC    28.16s] node 216 cg=1 phase=phase1 obj=0.0 artificial=0.0 cols=900
[clean-BPC    28.17s] node 216 cg=2 phase=phase2 obj=547.968924 artificial=0.0 cols=900
[clean-BPC    28.26s] node 216 cg=2 phase=phase2 best_rc=0.0 found=0 added=0 exhausted=True
[clean-BPC    28.26s] branch node 216: left=vehicle(3)=off right=vehicle(3)=on
[clean-BPC    28.26s] node 215 d=15 lb=494.885971 open=95
[clean-BPC    28.27s] node 215 cg=1 phase=phase1 obj=6.204802 artificial=6.204802 cols=900
[clean-BPC    28.33s] node 215 cg=1 phase=phase1 best_rc=0.0 found=0 added=0 exhausted=True
[clean-BPC    28.33s] fathom node 215: reason=phase1_infeasible bound=None
[clean-BPC    28.33s] node 210 d=11 lb=494.885971 open=94
[clean-BPC    28.35s] node 210 cg=1 phase=phase1 obj=0.0 artificial=0.0 cols=900
[clean-BPC    28.36s] node 210 cg=2 phase=phase2 obj=526.902419 artificial=0.0 cols=900
[clean-BPC    28.55s] node 210 cg=2 phase=phase2 best_rc=0.0 found=0 added=0 exhausted=True
[clean-BPC    28.55s] cut_added: {'time': 28.552867, 'event': 'cut_added', 'node_id': 210, 'source_vehicle': 2, 'added': 3, 'signatures': [[2, 4, 8, 15], [3, 7, 18, 11]]}
[clean-BPC    28.55s] node 211 d=14 lb=494.885971 open=94
[clean-BPC    28.56s] node 211 cg=1 phase=phase1 obj=0.0 artificial=0.0 cols=900
[clean-BPC    28.57s] node 211 cg=2 phase=phase2 obj=495.11244 artificial=0.0 cols=900
[clean-BPC    28.66s] node 211 cg=2 phase=phase2 best_rc=-0.0 found=0 added=0 exhausted=True
[clean-BPC    28.66s] branch node 211: left=RF(2,6)=separate right=RF(2,6)=same
[clean-BPC    28.66s] node 221 d=15 lb=494.885971 open=95
[clean-BPC    28.67s] node 221 cg=1 phase=phase1 obj=6.204802 artificial=6.204802 cols=900
[clean-BPC    28.73s] node 221 cg=1 phase=phase1 best_rc=0.0 found=0 added=0 exhausted=True
[clean-BPC    28.73s] fathom node 221: reason=phase1_infeasible bound=None
[clean-BPC    28.73s] node 222 d=15 lb=494.885971 open=94
[clean-BPC    28.74s] node 222 cg=1 phase=phase1 obj=0.0 artificial=0.0 cols=900
[clean-BPC    28.75s] node 222 cg=2 phase=phase2 obj=551.731252 artificial=0.0 cols=900
[clean-BPC    28.84s] node 222 cg=2 phase=phase2 best_rc=0.0 found=0 added=0 exhausted=True
[clean-BPC    28.84s] branch node 222: left=vehicle(3)=off right=vehicle(3)=on
[clean-BPC    28.84s] node 62 d=9 lb=494.885971 open=95
[clean-BPC    28.85s] node 62 cg=1 phase=phase1 obj=0.0 artificial=0.0 cols=900
[clean-BPC    28.86s] node 62 cg=2 phase=phase2 obj=494.885971 artificial=0.0 cols=900
[clean-BPC    28.99s] node 62 cg=2 phase=phase2 best_rc=0.0 found=0 added=0 exhausted=True
[clean-BPC    28.99s] branch node 62: left=vehicle(2)=off right=vehicle(2)=on
[clean-BPC    28.99s] node 71 d=11 lb=494.885971 open=96
[clean-BPC    29.00s] node 71 cg=1 phase=phase1 obj=5.306728 artificial=5.306728 cols=900
[clean-BPC    29.08s] node 71 cg=1 phase=phase1 best_rc=0.0 found=0 added=0 exhausted=True
[clean-BPC    29.08s] fathom node 71: reason=phase1_infeasible bound=None
[clean-BPC    29.08s] node 229 d=10 lb=494.885971 open=95
[clean-BPC    29.09s] node 229 cg=1 phase=phase1 obj=5.98337 artificial=5.98337 cols=900
[clean-BPC    29.17s] node 229 cg=1 phase=phase1 best_rc=0.0 found=0 added=0 exhausted=True
[clean-BPC    29.17s] fathom node 229: reason=phase1_infeasible bound=None
[clean-BPC    29.17s] node 230 d=10 lb=494.885971 open=94
[clean-BPC    29.18s] node 230 cg=1 phase=phase1 obj=0.0 artificial=0.0 cols=900
[clean-BPC    29.19s] node 230 cg=2 phase=phase2 obj=544.312942 artificial=0.0 cols=900
[clean-BPC    29.32s] node 230 cg=2 phase=phase2 best_rc=-0.0 found=0 added=0 exhausted=True
[clean-BPC    29.32s] branch node 230: left=RF(6,10)=separate right=RF(6,10)=same
[clean-BPC    29.32s] node 163 d=10 lb=494.885971 open=95
[clean-BPC    29.33s] node 163 cg=1 phase=phase1 obj=0.0 artificial=0.0 cols=900
[clean-BPC    29.34s] node 163 cg=2 phase=phase2 obj=494.885971 artificial=0.0 cols=900
[clean-BPC    29.47s] node 163 cg=2 phase=phase2 best_rc=0.0 found=0 added=0 exhausted=True
[clean-BPC    29.47s] branch node 163: left=task_vehicle(1,2)=off right=task_vehicle(1,2)=on
[clean-BPC    29.47s] node 233 d=11 lb=494.885971 open=96
[clean-BPC    29.49s] node 233 cg=1 phase=phase1 obj=0.0 artificial=0.0 cols=900
[clean-BPC    29.50s] node 233 cg=2 phase=phase2 obj=494.885971 artificial=0.0 cols=900
[clean-BPC    29.62s] node 233 cg=2 phase=phase2 best_rc=0.0 found=0 added=0 exhausted=True
[clean-BPC    29.62s] branch node 233: left=vehicle(2)=off right=vehicle(2)=on
[clean-BPC    29.62s] node 234 d=11 lb=494.885971 open=97
[clean-BPC    29.63s] node 234 cg=1 phase=phase1 obj=0.0 artificial=0.0 cols=900
[clean-BPC    29.64s] node 234 cg=2 phase=phase2 obj=494.885971 artificial=0.0 cols=900
[clean-BPC    29.75s] node 234 cg=2 phase=phase2 best_rc=0.0 found=0 added=0 exhausted=True
[clean-BPC    29.75s] branch node 234: left=vehicle(2)=off right=vehicle(2)=on
[clean-BPC    29.75s] node 237 d=12 lb=494.885971 open=98
[clean-BPC    29.75s] node 237 cg=1 phase=phase1 obj=7.016121 artificial=7.016121 cols=900
[clean-BPC    29.83s] node 237 cg=1 phase=phase1 best_rc=-0.292218506 found=46 added=46 exhausted=True
[clean-BPC    29.84s] node 237 cg=2 phase=phase1 obj=7.016121 artificial=7.016121 cols=946
[clean-BPC    29.92s] node 237 cg=2 phase=phase1 best_rc=0.0 found=0 added=0 exhausted=True
[clean-BPC    29.92s] fathom node 237: reason=phase1_infeasible bound=None
[clean-BPC    29.92s] node 238 d=12 lb=494.885971 open=97
[clean-BPC    29.93s] node 238 cg=1 phase=phase1 obj=0.0 artificial=0.0 cols=946
[clean-BPC    29.94s] node 238 cg=2 phase=phase2 obj=550.344524 artificial=0.0 cols=946
[clean-BPC    30.05s] node 238 cg=2 phase=phase2 best_rc=0.0 found=0 added=0 exhausted=True
[clean-BPC    30.05s] branch node 238: left=vehicle(3)=off right=vehicle(3)=on
[clean-BPC    30.05s] finish status=TIME_LIMIT primal=743.688845 dual=494.885971 gap=0.334552
medium: status=TIME_LIMIT, primal=743.688845, dual=494.885971, gap=0.334552, time=30.051416s, nodes=149, rmp=308, pricing=181, routes=946, cuts=21
clean BPC CSV 已写入：/home/kai/work/gnn_bb/results/bpc_clean_medium_30s.csv
