{
  "summary": {
    "status": "TIME_LIMIT",
    "status_code": "timelimit",
    "objective": 536.504258,
    "runtime": 60.458628,
    "best_bound": null,
    "mip_gap": null,
    "node_count": 1,
    "solution_count": 2,
    "uses_artificial": false,
    "artificial_task_count": 0
  },
  "report": {
    "mode": "vehicle_schedule_branch_price",
    "generated_routes": 166,
    "generated_columns": 1409,
    "priced_columns": 1387,
    "redcost_columns": 1387,
    "farkas_columns": 0,
    "redcost_calls": 100,
    "farkas_calls": 0,
    "pricing_calls": 100,
    "early_pricing_returns": 61,
    "pricing_batch_cap_hits": 61,
    "max_columns_per_pricing": 20,
    "pool_size": 200,
    "max_pool_size": 200,
    "pool_score_margin": 50.0,
    "pool_scans": 85,
    "pool_hits": 27,
    "pool_columns_added": 92,
    "pool_evictions": 1221,
    "pool_rejected_full": 347882,
    "pool_replaced_worst": 1221,
    "pool_skipped_by_margin": 92873,
    "stabilized_pricing": true,
    "stabilization_alpha": 0.5100000000000001,
    "stabilization_min_alpha": 0.2,
    "stabilization_max_alpha": 0.95,
    "stabilization_label_limit": 20000,
    "stabilization_volatility_threshold": 0.25,
    "last_dual_volatility": 0.08573436021603284,
    "stabilized_calls": 73,
    "stabilized_hits": 46,
    "stabilized_columns_added": 755,
    "stabilized_fallbacks": 27,
    "exact_fallback_calls": 27,
    "stabilized_label_pops": 885194,
    "exact_label_pops": 1528207,
    "alpha_increases": 84,
    "alpha_decreases": 76,
    "open_label_dominance": "covered_current_node_used_sorties_with_return_ready",
    "pricing_preprocess": {
      "single_task_feasible": 20,
      "single_task_infeasible": 0,
      "single_task_infeasible_reasons": {},
      "depot_to_task_feasible": 20,
      "task_to_depot_feasible": 20,
      "task_task_feasible_arcs": 380,
      "deleted_task_arc_reasons": {}
    },
    "preprocess_skip_depot_start": 0,
    "preprocess_skip_task_arc": 0,
    "preprocess_skip_return_to_depot": 0,
    "dominated_labels": 501365,
    "artificial_penalty": 1000000.0,
    "warm_start": {
      "enabled": true,
      "routes": 9,
      "schedules": 3,
      "covered_tasks": 20,
      "uncovered_tasks": [],
      "submitted": true
    },
    "strict_pricing": true,
    "eps": 1e-06
  }
}
